This file contains any messages produced by compilers while
running configure, to aid debugging if configure makes a mistake.

It was created by Valgrind configure 3.5.0.SVN, which was
generated by GNU Autoconf 2.61.  Invocation command line was

  $ ./configure --prefix=/afs/csail.mit.edu/u/r/rudd/research/invariants/valgrind-bak/valgrind/inst

## --------- ##
## Platform. ##
## --------- ##

hostname = onion
uname -m = i686
uname -r = 2.6.18.8-csail
uname -s = Linux
uname -v = #1 SMP Mon Feb 11 13:36:18 EST 2008

/usr/bin/uname -p = unknown
/bin/uname -X     = unknown

/bin/arch              = i686
/usr/bin/arch -k       = unknown
/usr/convex/getsysinfo = unknown
/usr/bin/hostinfo      = unknown
/bin/machine           = unknown
/usr/bin/oslevel       = unknown
/bin/universe          = unknown

PATH: /afs/csail.mit.edu/u/r/rudd/bin
PATH: /afs/csail/u/m/mernst/bin/share/
PATH: /opt/intel/cce/10.0.023/bin
PATH: /opt/intel/vtune/bin
PATH: /afs/csail.mit.edu/u/r/rudd/emacs/emacs/inst/bin
PATH: /afs/csail.mit.edu/u/r/rudd/research/invariants/scripts
PATH: /afs/csail/group/pag/software/pkg/jdk/bin
PATH: /usr/local/bin
PATH: /afs/csail.mit.edu/u/r/rudd/bin
PATH: /afs/csail/u/m/mernst/bin/share/
PATH: /afs/csail.mit.edu/u/r/rudd/emacs/emacs/inst/bin
PATH: /usr/local/csail/bin
PATH: /usr/bin
PATH: /bin
PATH: /usr/bin/X11
PATH: /usr/games
PATH: /afs/csail/group/pag/projects/invariants/binaries
PATH: /afs/csail.mit.edu/u/r/rudd/research/invariants/front-end/c
PATH: /afs/csail/group/pag/software/bin
PATH: /usr/sbin
PATH: /afs/csail/group/pag/software/bin
PATH: /afs/csail.mit.edu/u/r/rudd/research/llvm/llvm-gcc4.2-2.3-x86-linux-RHEL4/bin
PATH: /usr/bin
PATH: /usr/local/bin
PATH: /usr/sbin
PATH: /bin
PATH: /afs/csail.mit.edu/u/r/rudd/research/fjalar-1.3/fjalar-source/dynpoint/mts/bin/bsh


## ----------- ##
## Core tests. ##
## ----------- ##

configure:1928: checking for a BSD-compatible install
configure:1984: result: /usr/bin/install -c
configure:1995: checking whether build environment is sane
configure:2038: result: yes
configure:2062: WARNING: `missing' script is too old or missing
configure:2103: checking for gawk
configure:2119: found /usr/bin/gawk
configure:2130: result: gawk
configure:2141: checking whether make sets $(MAKE)
configure:2162: result: yes
configure:2347: checking whether to enable maintainer-specific portions of Makefiles
configure:2356: result: no
configure:2443: checking whether ln -s works
configure:2447: result: yes
configure:2502: checking for gcc
configure:2518: found /usr/bin/gcc
configure:2529: result: gcc
configure:2767: checking for C compiler version
configure:2774: gcc --version >&5
gcc (GCC) 4.1.2 20061115 (prerelease) (Debian 4.1.1-21)
Copyright (C) 2006 Free Software Foundation, Inc.
This is free software; see the source for copying conditions.  There is NO
warranty; not even for MERCHANTABILITY or FITNESS FOR A PARTICULAR PURPOSE.

configure:2777: $? = 0
configure:2784: gcc -v >&5
Using built-in specs.
Target: i486-linux-gnu
Configured with: ../src/configure -v --enable-languages=c,c++,fortran,objc,obj-c++,treelang --prefix=/usr --enable-shared --with-system-zlib --libexecdir=/usr/lib --without-included-gettext --enable-threads=posix --enable-nls --program-suffix=-4.1 --enable-__cxa_atexit --enable-clocale=gnu --enable-libstdcxx-debug --enable-mpfr --with-tune=i686 --enable-checking=release i486-linux-gnu
Thread model: posix
gcc version 4.1.2 20061115 (prerelease) (Debian 4.1.1-21)
configure:2787: $? = 0
configure:2794: gcc -V >&5
gcc: '-V' option must have argument
configure:2797: $? = 1
configure:2820: checking for C compiler default output file name
configure:2847: gcc -Wno-long-long   conftest.c  >&5
configure:2850: $? = 0
configure:2888: result: a.out
configure:2905: checking whether the C compiler works
configure:2915: ./a.out
configure:2918: $? = 0
configure:2935: result: yes
configure:2942: checking whether we are cross compiling
configure:2944: result: no
configure:2947: checking for suffix of executables
configure:2954: gcc -o conftest -Wno-long-long   conftest.c  >&5
configure:2957: $? = 0
configure:2981: result: 
configure:2987: checking for suffix of object files
configure:3013: gcc -c -Wno-long-long  conftest.c >&5
configure:3016: $? = 0
configure:3039: result: o
configure:3043: checking whether we are using the GNU C compiler
configure:3072: gcc -c -Wno-long-long  conftest.c >&5
configure:3078: $? = 0
configure:3095: result: yes
configure:3100: checking whether gcc accepts -g
configure:3130: gcc -c -g  conftest.c >&5
configure:3136: $? = 0
configure:3235: result: yes
configure:3252: checking for gcc option to accept ISO C89
configure:3326: gcc  -c -Wno-long-long  conftest.c >&5
configure:3332: $? = 0
configure:3355: result: none needed
configure:3384: checking for style of include used by make
configure:3412: result: GNU
configure:3440: checking dependency style of gcc
configure:3530: result: gcc3
configure:3548: checking whether gcc and cc understand -c and -o together
configure:3583: gcc -c conftest.c -o conftest2.o >&5
configure:3586: $? = 0
configure:3592: gcc -c conftest.c -o conftest2.o >&5
configure:3595: $? = 0
configure:3606: cc -c conftest.c >&5
configure:3609: $? = 0
configure:3617: cc -c conftest.c -o conftest2.o >&5
configure:3620: $? = 0
configure:3626: cc -c conftest.c -o conftest2.o >&5
configure:3629: $? = 0
configure:3647: result: yes
configure:3677: checking how to run the C preprocessor
configure:3717: gcc -E  conftest.c
configure:3723: $? = 0
configure:3754: gcc -E  conftest.c
conftest.c:10:28: error: ac_nonexistent.h: No such file or directory
configure:3760: $? = 1
configure: failed program was:
| /* confdefs.h.  */
| #define PACKAGE_NAME "Valgrind"
| #define PACKAGE_TARNAME "valgrind"
| #define PACKAGE_VERSION "3.5.0.SVN"
| #define PACKAGE_STRING "Valgrind 3.5.0.SVN"
| #define PACKAGE_BUGREPORT "valgrind-users@lists.sourceforge.net"
| #define PACKAGE "valgrind"
| #define VERSION "3.5.0.SVN"
| /* end confdefs.h.  */
| #include <ac_nonexistent.h>
configure:3793: result: gcc -E
configure:3822: gcc -E  conftest.c
configure:3828: $? = 0
configure:3859: gcc -E  conftest.c
conftest.c:10:28: error: ac_nonexistent.h: No such file or directory
configure:3865: $? = 1
configure: failed program was:
| /* confdefs.h.  */
| #define PACKAGE_NAME "Valgrind"
| #define PACKAGE_TARNAME "valgrind"
| #define PACKAGE_VERSION "3.5.0.SVN"
| #define PACKAGE_STRING "Valgrind 3.5.0.SVN"
| #define PACKAGE_BUGREPORT "valgrind-users@lists.sourceforge.net"
| #define PACKAGE "valgrind"
| #define VERSION "3.5.0.SVN"
| /* end confdefs.h.  */
| #include <ac_nonexistent.h>
configure:3960: checking for g++
configure:3976: found /usr/bin/g++
configure:3987: result: g++
configure:4018: checking for C++ compiler version
configure:4025: g++ --version >&5
g++ (GCC) 4.1.2 20061115 (prerelease) (Debian 4.1.1-21)
Copyright (C) 2006 Free Software Foundation, Inc.
This is free software; see the source for copying conditions.  There is NO
warranty; not even for MERCHANTABILITY or FITNESS FOR A PARTICULAR PURPOSE.

configure:4028: $? = 0
configure:4035: g++ -v >&5
Using built-in specs.
Target: i486-linux-gnu
Configured with: ../src/configure -v --enable-languages=c,c++,fortran,objc,obj-c++,treelang --prefix=/usr --enable-shared --with-system-zlib --libexecdir=/usr/lib --without-included-gettext --enable-threads=posix --enable-nls --program-suffix=-4.1 --enable-__cxa_atexit --enable-clocale=gnu --enable-libstdcxx-debug --enable-mpfr --with-tune=i686 --enable-checking=release i486-linux-gnu
Thread model: posix
gcc version 4.1.2 20061115 (prerelease) (Debian 4.1.1-21)
configure:4038: $? = 0
configure:4045: g++ -V >&5
g++: '-V' option must have argument
configure:4048: $? = 1
configure:4051: checking whether we are using the GNU C++ compiler
configure:4080: g++ -c   conftest.cpp >&5
configure:4086: $? = 0
configure:4103: result: yes
configure:4108: checking whether g++ accepts -g
configure:4138: g++ -c -g  conftest.cpp >&5
configure:4144: $? = 0
configure:4243: result: yes
configure:4268: checking dependency style of g++
configure:4358: result: gcc3
configure:4429: checking for gcc
configure:4445: found /usr/bin/gcc
configure:4456: result: gcc
configure:4485: checking for Objective C compiler version
configure:4492: gcc --version >&5
gcc (GCC) 4.1.2 20061115 (prerelease) (Debian 4.1.1-21)
Copyright (C) 2006 Free Software Foundation, Inc.
This is free software; see the source for copying conditions.  There is NO
warranty; not even for MERCHANTABILITY or FITNESS FOR A PARTICULAR PURPOSE.

configure:4495: $? = 0
configure:4502: gcc -v >&5
Using built-in specs.
Target: i486-linux-gnu
Configured with: ../src/configure -v --enable-languages=c,c++,fortran,objc,obj-c++,treelang --prefix=/usr --enable-shared --with-system-zlib --libexecdir=/usr/lib --without-included-gettext --enable-threads=posix --enable-nls --program-suffix=-4.1 --enable-__cxa_atexit --enable-clocale=gnu --enable-libstdcxx-debug --enable-mpfr --with-tune=i686 --enable-checking=release i486-linux-gnu
Thread model: posix
gcc version 4.1.2 20061115 (prerelease) (Debian 4.1.1-21)
configure:4505: $? = 0
configure:4512: gcc -V >&5
gcc: '-V' option must have argument
configure:4515: $? = 1
configure:4518: checking whether we are using the GNU Objective C compiler
configure:4547: gcc -c   conftest.m >&5
configure:4553: $? = 0
configure:4570: result: yes
configure:4575: checking whether gcc accepts -g
configure:4605: gcc -c -g  conftest.m >&5
configure:4611: $? = 0
configure:4710: result: yes
configure:4776: checking for ranlib
configure:4792: found /usr/bin/ranlib
configure:4803: result: ranlib
configure:4837: checking for ar
configure:4855: found /usr/bin/ar
configure:4867: result: /usr/bin/ar
configure:4892: checking for perl
configure:4910: found /usr/bin/perl
configure:4922: result: /usr/bin/perl
configure:4934: checking for gdb
configure:4952: found /usr/bin/gdb
configure:4965: result: /usr/bin/gdb
configure:4991: checking for diff -u
configure:5000: result: yes
configure:5012: checking for a supported version of gcc
configure:5026: result: ok (4.1.2)
configure:5045: checking build system type
configure:5063: result: i686-pc-linux
configure:5085: checking host system type
configure:5100: result: i686-pc-linux
configure:5123: checking for a supported CPU
configure:5132: result: ok (i686)
configure:5185: checking for a 64-bit only build
configure:5198: result: no
configure:5202: checking for a 32-bit only build
configure:5215: result: no
configure:5230: checking for a supported OS
configure:5238: result: ok (linux)
configure:5243: checking for the kernel version
configure:5250: result: 2.6 family (2.6.18.8-csail)
configure:5456: checking for a supported CPU/OS combination
configure:5467: result: ok (x86-linux)
configure:5796: checking for use as an inner Valgrind
configure:5809: result: no
configure:5832: checking for grep that handles long lines and -e
configure:5906: result: /bin/grep
configure:5911: checking for egrep
configure:5989: result: /bin/grep -E
conftest.c:13:23: error: standards.h: No such file or directory
configure:6233: checking the GLIBC_VERSION version
configure:6251: result: 2.3 family
configure:6404: checking for CLOCK_MONOTONIC
configure:6434: gcc -c -Wno-long-long  conftest.c >&5
configure:6440: $? = 0
configure:6446: result: yes
configure:6469: checking for PTHREAD_MUTEX_ADAPTIVE_NP
configure:6498: gcc -c -Wno-long-long  conftest.c >&5
configure:6504: $? = 0
configure:6510: result: yes
configure:6533: checking for PTHREAD_MUTEX_ERRORCHECK_NP
configure:6562: gcc -c -Wno-long-long  conftest.c >&5
configure:6568: $? = 0
configure:6574: result: yes
configure:6597: checking for PTHREAD_MUTEX_RECURSIVE_NP
configure:6626: gcc -c -Wno-long-long  conftest.c >&5
configure:6632: $? = 0
configure:6638: result: yes
configure:6661: checking for PTHREAD_RECURSIVE_MUTEX_INITIALIZER_NP
configure:6691: gcc -c -Wno-long-long  conftest.c >&5
configure:6697: $? = 0
configure:6703: result: yes
configure:6726: checking for pthread_mutex_t::__m_kind
configure:6755: gcc -c -Wno-long-long  conftest.c >&5
configure:6761: $? = 0
configure:6767: result: yes
configure:6790: checking for pthread_mutex_t::__data.__kind
configure:6819: gcc -c -Wno-long-long  conftest.c >&5
conftest.c: In function 'main':
conftest.c:27: error: 'pthread_mutex_t' has no member named '__data'
configure:6825: $? = 1
configure: failed program was:
| /* confdefs.h.  */
| #define PACKAGE_NAME "Valgrind"
| #define PACKAGE_TARNAME "valgrind"
| #define PACKAGE_VERSION "3.5.0.SVN"
| #define PACKAGE_STRING "Valgrind 3.5.0.SVN"
| #define PACKAGE_BUGREPORT "valgrind-users@lists.sourceforge.net"
| #define PACKAGE "valgrind"
| #define VERSION "3.5.0.SVN"
| #define GDB_PATH "/usr/bin/gdb"
| #define KERNEL_2_6 1
| #define GLIBC_2_3 1
| #define HAVE_CLOCK_MONOTONIC 1
| #define HAVE_PTHREAD_MUTEX_ADAPTIVE_NP 1
| #define HAVE_PTHREAD_MUTEX_ERRORCHECK_NP 1
| #define HAVE_PTHREAD_MUTEX_RECURSIVE_NP 1
| #define HAVE_PTHREAD_RECURSIVE_MUTEX_INITIALIZER_NP 1
| #define HAVE_PTHREAD_MUTEX_T__M_KIND 1
| /* end confdefs.h.  */
| 
| #include <pthread.h>
| 
| int
| main ()
| {
| 
|   pthread_mutex_t m;
|   return m.__data.__kind;
| 
|   ;
|   return 0;
| }
configure:6844: result: no
configure:6855: checking for Altivec
configure:6886: gcc -c -maltivec  conftest.c >&5
cc1: error: unrecognized command line option "-maltivec"
configure:6892: $? = 1
configure: failed program was:
| /* confdefs.h.  */
| #define PACKAGE_NAME "Valgrind"
| #define PACKAGE_TARNAME "valgrind"
| #define PACKAGE_VERSION "3.5.0.SVN"
| #define PACKAGE_STRING "Valgrind 3.5.0.SVN"
| #define PACKAGE_BUGREPORT "valgrind-users@lists.sourceforge.net"
| #define PACKAGE "valgrind"
| #define VERSION "3.5.0.SVN"
| #define GDB_PATH "/usr/bin/gdb"
| #define KERNEL_2_6 1
| #define GLIBC_2_3 1
| #define HAVE_CLOCK_MONOTONIC 1
| #define HAVE_PTHREAD_MUTEX_ADAPTIVE_NP 1
| #define HAVE_PTHREAD_MUTEX_ERRORCHECK_NP 1
| #define HAVE_PTHREAD_MUTEX_RECURSIVE_NP 1
| #define HAVE_PTHREAD_RECURSIVE_MUTEX_INITIALIZER_NP 1
| #define HAVE_PTHREAD_MUTEX_T__M_KIND 1
| /* end confdefs.h.  */
| 
| #include <altivec.h>
| 
| int
| main ()
| {
| 
|   vector unsigned int v;
| 
|   ;
|   return 0;
| }
configure:6908: result: no
configure:6939: checking for pthread_create@GLIBC2.0()
configure:6980: gcc -o conftest -lpthread   conftest.c  >&5
configure:6986: $? = 0
configure:6994: result: yes
configure:7030: checking for eventfd()
configure:7063: gcc -o conftest -Wno-long-long   conftest.c  >&5
conftest.c:21:25: error: sys/eventfd.h: No such file or directory
conftest.c: In function 'main':
conftest.c:27: error: 'eventfd_t' undeclared (first use in this function)
conftest.c:27: error: (Each undeclared identifier is reported only once
conftest.c:27: error: for each function it appears in.)
conftest.c:27: error: expected ';' before 'ev'
conftest.c:31: error: 'ev' undeclared (first use in this function)
configure:7069: $? = 1
configure: failed program was:
| /* confdefs.h.  */
| #define PACKAGE_NAME "Valgrind"
| #define PACKAGE_TARNAME "valgrind"
| #define PACKAGE_VERSION "3.5.0.SVN"
| #define PACKAGE_STRING "Valgrind 3.5.0.SVN"
| #define PACKAGE_BUGREPORT "valgrind-users@lists.sourceforge.net"
| #define PACKAGE "valgrind"
| #define VERSION "3.5.0.SVN"
| #define GDB_PATH "/usr/bin/gdb"
| #define KERNEL_2_6 1
| #define GLIBC_2_3 1
| #define HAVE_CLOCK_MONOTONIC 1
| #define HAVE_PTHREAD_MUTEX_ADAPTIVE_NP 1
| #define HAVE_PTHREAD_MUTEX_ERRORCHECK_NP 1
| #define HAVE_PTHREAD_MUTEX_RECURSIVE_NP 1
| #define HAVE_PTHREAD_RECURSIVE_MUTEX_INITIALIZER_NP 1
| #define HAVE_PTHREAD_MUTEX_T__M_KIND 1
| #define HAVE_PTHREAD_CREATE_GLIBC_2_0 1
| /* end confdefs.h.  */
| 
| #include <sys/eventfd.h>
| 
| int
| main ()
| {
| 
|   eventfd_t ev;
|   int fd;
| 
|   fd = eventfd(5, 0);
|   eventfd_read(fd, &ev);
|   return 0;
| 
|   ;
|   return 0;
| }
configure:7094: result: no
configure:7108: checking if gcc accepts -m32
configure:7137: gcc -c -m32  conftest.c >&5
configure:7143: $? = 0
configure:7150: result: yes
configure:7171: checking if gcc accepts -maix32
configure:7200: gcc -c -maix32  conftest.c >&5
cc1: error: unrecognized command line option "-maix32"
configure:7206: $? = 1
configure: failed program was:
| /* confdefs.h.  */
| #define PACKAGE_NAME "Valgrind"
| #define PACKAGE_TARNAME "valgrind"
| #define PACKAGE_VERSION "3.5.0.SVN"
| #define PACKAGE_STRING "Valgrind 3.5.0.SVN"
| #define PACKAGE_BUGREPORT "valgrind-users@lists.sourceforge.net"
| #define PACKAGE "valgrind"
| #define VERSION "3.5.0.SVN"
| #define GDB_PATH "/usr/bin/gdb"
| #define KERNEL_2_6 1
| #define GLIBC_2_3 1
| #define HAVE_CLOCK_MONOTONIC 1
| #define HAVE_PTHREAD_MUTEX_ADAPTIVE_NP 1
| #define HAVE_PTHREAD_MUTEX_ERRORCHECK_NP 1
| #define HAVE_PTHREAD_MUTEX_RECURSIVE_NP 1
| #define HAVE_PTHREAD_RECURSIVE_MUTEX_INITIALIZER_NP 1
| #define HAVE_PTHREAD_MUTEX_T__M_KIND 1
| #define HAVE_PTHREAD_CREATE_GLIBC_2_0 1
| /* end confdefs.h.  */
| 
| int
| main ()
| {
| 
|   return 0;
| 
|   ;
|   return 0;
| }
configure:7222: result: no
configure:7234: checking if gcc accepts -m64
configure:7263: gcc -c -m64  conftest.c >&5
configure:7269: $? = 0
configure:7276: result: yes
configure:7297: checking if gcc accepts -maix64
configure:7326: gcc -c -maix64  conftest.c >&5
cc1: error: unrecognized command line option "-maix64"
configure:7332: $? = 1
configure: failed program was:
| /* confdefs.h.  */
| #define PACKAGE_NAME "Valgrind"
| #define PACKAGE_TARNAME "valgrind"
| #define PACKAGE_VERSION "3.5.0.SVN"
| #define PACKAGE_STRING "Valgrind 3.5.0.SVN"
| #define PACKAGE_BUGREPORT "valgrind-users@lists.sourceforge.net"
| #define PACKAGE "valgrind"
| #define VERSION "3.5.0.SVN"
| #define GDB_PATH "/usr/bin/gdb"
| #define KERNEL_2_6 1
| #define GLIBC_2_3 1
| #define HAVE_CLOCK_MONOTONIC 1
| #define HAVE_PTHREAD_MUTEX_ADAPTIVE_NP 1
| #define HAVE_PTHREAD_MUTEX_ERRORCHECK_NP 1
| #define HAVE_PTHREAD_MUTEX_RECURSIVE_NP 1
| #define HAVE_PTHREAD_RECURSIVE_MUTEX_INITIALIZER_NP 1
| #define HAVE_PTHREAD_MUTEX_T__M_KIND 1
| #define HAVE_PTHREAD_CREATE_GLIBC_2_0 1
| /* end confdefs.h.  */
| 
| int
| main ()
| {
| 
|   return 0;
| 
|   ;
|   return 0;
| }
configure:7348: result: no
configure:7360: checking if gcc accepts -mmmx
configure:7389: gcc -c -mmmx  conftest.c >&5
configure:7395: $? = 0
configure:7402: result: yes
configure:7423: checking if gcc accepts -msse
configure:7452: gcc -c -msse  conftest.c >&5
configure:7458: $? = 0
configure:7465: result: yes
configure:7486: checking if gcc accepts -mpreferred-stack-boundary
configure:7515: gcc -c -mpreferred-stack-boundary=2  conftest.c >&5
configure:7521: $? = 0
configure:7528: result: yes
configure:7549: checking if gcc accepts -Wno-pointer-sign
configure:7578: gcc -c -Wno-pointer-sign  conftest.c >&5
configure:7584: $? = 0
configure:7591: result: yes
configure:7614: checking if gcc accepts -Wdeclaration-after-statement
configure:7643: gcc -c -Wdeclaration-after-statement  conftest.c >&5
configure:7649: $? = 0
configure:7657: result: yes
configure:7684: checking if gcc accepts -Wno-format-zero-length
configure:7713: gcc -c -Wno-format-zero-length  conftest.c >&5
configure:7719: $? = 0
configure:7727: result: yes
configure:7747: checking if gcc accepts -Wextra or -W
configure:7776: gcc -c -Wextra  conftest.c >&5
configure:7782: $? = 0
configure:7790: result: -Wextra
configure:7859: checking if gcc accepts -fno-stack-protector
configure:7888: gcc -c -fno-stack-protector  conftest.c >&5
configure:7894: $? = 0
configure:7902: result: yes
configure:7929: checking if gcc accepts --param inline-unit-growth
configure:7958: gcc -c --param inline-unit-growth=900  conftest.c >&5
configure:7964: $? = 0
configure:7972: result: yes
configure:7992: checking if gcc supports __builtin_expect
configure:8018: gcc -o conftest -Wno-long-long -Wno-pointer-sign -Wdeclaration-after-statement -fno-stack-protector   conftest.c  >&5
configure:8024: $? = 0
configure:8032: result: yes
configure:8058: checking if ppc32/64 as supports mtocrf/mfocrf
configure:8085: gcc -c -Wno-long-long -Wno-pointer-sign -Wdeclaration-after-statement -fno-stack-protector  conftest.c >&5
/tmp/cc3fsW5v.s: Assembler messages:
/tmp/cc3fsW5v.s:13: Error: no such instruction: `mtocrf 4,0'
/tmp/cc3fsW5v.s:14: Error: no such instruction: `mfocrf 0,4'
configure:8091: $? = 1
configure: failed program was:
| /* confdefs.h.  */
| #define PACKAGE_NAME "Valgrind"
| #define PACKAGE_TARNAME "valgrind"
| #define PACKAGE_VERSION "3.5.0.SVN"
| #define PACKAGE_STRING "Valgrind 3.5.0.SVN"
| #define PACKAGE_BUGREPORT "valgrind-users@lists.sourceforge.net"
| #define PACKAGE "valgrind"
| #define VERSION "3.5.0.SVN"
| #define GDB_PATH "/usr/bin/gdb"
| #define KERNEL_2_6 1
| #define GLIBC_2_3 1
| #define HAVE_CLOCK_MONOTONIC 1
| #define HAVE_PTHREAD_MUTEX_ADAPTIVE_NP 1
| #define HAVE_PTHREAD_MUTEX_ERRORCHECK_NP 1
| #define HAVE_PTHREAD_MUTEX_RECURSIVE_NP 1
| #define HAVE_PTHREAD_RECURSIVE_MUTEX_INITIALIZER_NP 1
| #define HAVE_PTHREAD_MUTEX_T__M_KIND 1
| #define HAVE_PTHREAD_CREATE_GLIBC_2_0 1
| #define HAVE_BUILTIN_EXPECT 1
| /* end confdefs.h.  */
| 
| int
| main ()
| {
| 
| __asm__ __volatile__("mtocrf 4,0");
| __asm__ __volatile__("mfocrf 0,4");
| 
|   ;
|   return 0;
| }
configure:8107: result: no
configure:8125: checking if x86/amd64 assembler speaks SSE3
configure:8153: gcc -c -Wno-long-long -Wno-pointer-sign -Wdeclaration-after-statement -fno-stack-protector  conftest.c >&5
configure:8159: $? = 0
configure:8166: result: yes
configure:8197: checking if x86/amd64 assembler speaks SSSE3
configure:8226: gcc -c -Wno-long-long -Wno-pointer-sign -Wdeclaration-after-statement -fno-stack-protector  conftest.c >&5
conftest.c: In function 'main':
conftest.c:27: error: unknown register name 'xmm7' in 'asm'
configure:8232: $? = 1
configure: failed program was:
| /* confdefs.h.  */
| #define PACKAGE_NAME "Valgrind"
| #define PACKAGE_TARNAME "valgrind"
| #define PACKAGE_VERSION "3.5.0.SVN"
| #define PACKAGE_STRING "Valgrind 3.5.0.SVN"
| #define PACKAGE_BUGREPORT "valgrind-users@lists.sourceforge.net"
| #define PACKAGE "valgrind"
| #define VERSION "3.5.0.SVN"
| #define GDB_PATH "/usr/bin/gdb"
| #define KERNEL_2_6 1
| #define GLIBC_2_3 1
| #define HAVE_CLOCK_MONOTONIC 1
| #define HAVE_PTHREAD_MUTEX_ADAPTIVE_NP 1
| #define HAVE_PTHREAD_MUTEX_ERRORCHECK_NP 1
| #define HAVE_PTHREAD_MUTEX_RECURSIVE_NP 1
| #define HAVE_PTHREAD_RECURSIVE_MUTEX_INITIALIZER_NP 1
| #define HAVE_PTHREAD_MUTEX_T__M_KIND 1
| #define HAVE_PTHREAD_CREATE_GLIBC_2_0 1
| #define HAVE_BUILTIN_EXPECT 1
| /* end confdefs.h.  */
| 
| int
| main ()
| {
| 
|   do { long long int x;
|    __asm__ __volatile__(
|       "pabsb (%0),%%xmm7" : : "r"(&x) : "xmm7" ); }
|   while (0)
| 
|   ;
|   return 0;
| }
configure:8248: result: no
configure:8272: checking for TLS support
configure:8309: gcc -o conftest -Wno-long-long -Wno-pointer-sign -Wdeclaration-after-statement -fno-stack-protector   conftest.c  >&5
configure:8312: $? = 0
configure:8318: ./conftest
configure:8321: $? = 0
configure:8339: result: yes
configure:8414: checking for /proc/self/fd
configure:8429: result: yes
configure:8443: checking for /proc/self/exe
configure:8458: result: yes
configure:8472: checking for /proc/self/maps
configure:8487: result: yes
configure:8508: checking for ANSI C header files
configure:8538: gcc -c -Wno-long-long -Wno-pointer-sign -Wdeclaration-after-statement -fno-stack-protector  conftest.c >&5
configure:8544: $? = 0
configure:8643: gcc -o conftest -Wno-long-long -Wno-pointer-sign -Wdeclaration-after-statement -fno-stack-protector   conftest.c  >&5
configure:8646: $? = 0
configure:8652: ./conftest
configure:8655: $? = 0
configure:8672: result: yes
configure:8696: checking for sys/types.h
configure:8717: gcc -c -Wno-long-long -Wno-pointer-sign -Wdeclaration-after-statement -fno-stack-protector  conftest.c >&5
configure:8723: $? = 0
configure:8739: result: yes
configure:8696: checking for sys/stat.h
configure:8717: gcc -c -Wno-long-long -Wno-pointer-sign -Wdeclaration-after-statement -fno-stack-protector  conftest.c >&5
configure:8723: $? = 0
configure:8739: result: yes
configure:8696: checking for stdlib.h
configure:8717: gcc -c -Wno-long-long -Wno-pointer-sign -Wdeclaration-after-statement -fno-stack-protector  conftest.c >&5
configure:8723: $? = 0
configure:8739: result: yes
configure:8696: checking for string.h
configure:8717: gcc -c -Wno-long-long -Wno-pointer-sign -Wdeclaration-after-statement -fno-stack-protector  conftest.c >&5
configure:8723: $? = 0
configure:8739: result: yes
configure:8696: checking for memory.h
configure:8717: gcc -c -Wno-long-long -Wno-pointer-sign -Wdeclaration-after-statement -fno-stack-protector  conftest.c >&5
configure:8723: $? = 0
configure:8739: result: yes
configure:8696: checking for strings.h
configure:8717: gcc -c -Wno-long-long -Wno-pointer-sign -Wdeclaration-after-statement -fno-stack-protector  conftest.c >&5
configure:8723: $? = 0
configure:8739: result: yes
configure:8696: checking for inttypes.h
configure:8717: gcc -c -Wno-long-long -Wno-pointer-sign -Wdeclaration-after-statement -fno-stack-protector  conftest.c >&5
configure:8723: $? = 0
configure:8739: result: yes
configure:8696: checking for stdint.h
configure:8717: gcc -c -Wno-long-long -Wno-pointer-sign -Wdeclaration-after-statement -fno-stack-protector  conftest.c >&5
configure:8723: $? = 0
configure:8739: result: yes
configure:8696: checking for unistd.h
configure:8717: gcc -c -Wno-long-long -Wno-pointer-sign -Wdeclaration-after-statement -fno-stack-protector  conftest.c >&5
configure:8723: $? = 0
configure:8739: result: yes
configure:8792: checking asm/unistd.h usability
configure:8809: gcc -c -Wno-long-long -Wno-pointer-sign -Wdeclaration-after-statement -fno-stack-protector  conftest.c >&5
configure:8815: $? = 0
configure:8829: result: yes
configure:8833: checking asm/unistd.h presence
configure:8848: gcc -E  conftest.c
configure:8854: $? = 0
configure:8868: result: yes
configure:8901: checking for asm/unistd.h
configure:8909: result: yes
configure:8792: checking endian.h usability
configure:8809: gcc -c -Wno-long-long -Wno-pointer-sign -Wdeclaration-after-statement -fno-stack-protector  conftest.c >&5
configure:8815: $? = 0
configure:8829: result: yes
configure:8833: checking endian.h presence
configure:8848: gcc -E  conftest.c
configure:8854: $? = 0
configure:8868: result: yes
configure:8901: checking for endian.h
configure:8909: result: yes
configure:8792: checking mqueue.h usability
configure:8809: gcc -c -Wno-long-long -Wno-pointer-sign -Wdeclaration-after-statement -fno-stack-protector  conftest.c >&5
configure:8815: $? = 0
configure:8829: result: yes
configure:8833: checking mqueue.h presence
configure:8848: gcc -E  conftest.c
configure:8854: $? = 0
configure:8868: result: yes
configure:8901: checking for mqueue.h
configure:8909: result: yes
configure:8792: checking sys/endian.h usability
configure:8809: gcc -c -Wno-long-long -Wno-pointer-sign -Wdeclaration-after-statement -fno-stack-protector  conftest.c >&5
conftest.c:74:24: error: sys/endian.h: No such file or directory
configure:8815: $? = 1
configure: failed program was:
| /* confdefs.h.  */
| #define PACKAGE_NAME "Valgrind"
| #define PACKAGE_TARNAME "valgrind"
| #define PACKAGE_VERSION "3.5.0.SVN"
| #define PACKAGE_STRING "Valgrind 3.5.0.SVN"
| #define PACKAGE_BUGREPORT "valgrind-users@lists.sourceforge.net"
| #define PACKAGE "valgrind"
| #define VERSION "3.5.0.SVN"
| #define GDB_PATH "/usr/bin/gdb"
| #define KERNEL_2_6 1
| #define GLIBC_2_3 1
| #define HAVE_CLOCK_MONOTONIC 1
| #define HAVE_PTHREAD_MUTEX_ADAPTIVE_NP 1
| #define HAVE_PTHREAD_MUTEX_ERRORCHECK_NP 1
| #define HAVE_PTHREAD_MUTEX_RECURSIVE_NP 1
| #define HAVE_PTHREAD_RECURSIVE_MUTEX_INITIALIZER_NP 1
| #define HAVE_PTHREAD_MUTEX_T__M_KIND 1
| #define HAVE_PTHREAD_CREATE_GLIBC_2_0 1
| #define HAVE_BUILTIN_EXPECT 1
| #define HAVE_TLS 1
| #define HAVE__PROC_SELF_FD 1
| #define HAVE_PROC 1
| #define HAVE__PROC_SELF_EXE 1
| #define HAVE_PROC 1
| #define HAVE__PROC_SELF_MAPS 1
| #define HAVE_PROC 1
| #define STDC_HEADERS 1
| #define HAVE_SYS_TYPES_H 1
| #define HAVE_SYS_STAT_H 1
| #define HAVE_STDLIB_H 1
| #define HAVE_STRING_H 1
| #define HAVE_MEMORY_H 1
| #define HAVE_STRINGS_H 1
| #define HAVE_INTTYPES_H 1
| #define HAVE_STDINT_H 1
| #define HAVE_UNISTD_H 1
| #define HAVE_ASM_UNISTD_H 1
| #define HAVE_ENDIAN_H 1
| #define HAVE_MQUEUE_H 1
| /* end confdefs.h.  */
| #include <stdio.h>
| #ifdef HAVE_SYS_TYPES_H
| # include <sys/types.h>
| #endif
| #ifdef HAVE_SYS_STAT_H
| # include <sys/stat.h>
| #endif
| #ifdef STDC_HEADERS
| # include <stdlib.h>
| # include <stddef.h>
| #else
| # ifdef HAVE_STDLIB_H
| #  include <stdlib.h>
| # endif
| #endif
| #ifdef HAVE_STRING_H
| # if !defined STDC_HEADERS && defined HAVE_MEMORY_H
| #  include <memory.h>
| # endif
| # include <string.h>
| #endif
| #ifdef HAVE_STRINGS_H
| # include <strings.h>
| #endif
| #ifdef HAVE_INTTYPES_H
| # include <inttypes.h>
| #endif
| #ifdef HAVE_STDINT_H
| # include <stdint.h>
| #endif
| #ifdef HAVE_UNISTD_H
| # include <unistd.h>
| #endif
| #include <sys/endian.h>
configure:8829: result: no
configure:8833: checking sys/endian.h presence
configure:8848: gcc -E  conftest.c
conftest.c:41:24: error: sys/endian.h: No such file or directory
configure:8854: $? = 1
configure: failed program was:
| /* confdefs.h.  */
| #define PACKAGE_NAME "Valgrind"
| #define PACKAGE_TARNAME "valgrind"
| #define PACKAGE_VERSION "3.5.0.SVN"
| #define PACKAGE_STRING "Valgrind 3.5.0.SVN"
| #define PACKAGE_BUGREPORT "valgrind-users@lists.sourceforge.net"
| #define PACKAGE "valgrind"
| #define VERSION "3.5.0.SVN"
| #define GDB_PATH "/usr/bin/gdb"
| #define KERNEL_2_6 1
| #define GLIBC_2_3 1
| #define HAVE_CLOCK_MONOTONIC 1
| #define HAVE_PTHREAD_MUTEX_ADAPTIVE_NP 1
| #define HAVE_PTHREAD_MUTEX_ERRORCHECK_NP 1
| #define HAVE_PTHREAD_MUTEX_RECURSIVE_NP 1
| #define HAVE_PTHREAD_RECURSIVE_MUTEX_INITIALIZER_NP 1
| #define HAVE_PTHREAD_MUTEX_T__M_KIND 1
| #define HAVE_PTHREAD_CREATE_GLIBC_2_0 1
| #define HAVE_BUILTIN_EXPECT 1
| #define HAVE_TLS 1
| #define HAVE__PROC_SELF_FD 1
| #define HAVE_PROC 1
| #define HAVE__PROC_SELF_EXE 1
| #define HAVE_PROC 1
| #define HAVE__PROC_SELF_MAPS 1
| #define HAVE_PROC 1
| #define STDC_HEADERS 1
| #define HAVE_SYS_TYPES_H 1
| #define HAVE_SYS_STAT_H 1
| #define HAVE_STDLIB_H 1
| #define HAVE_STRING_H 1
| #define HAVE_MEMORY_H 1
| #define HAVE_STRINGS_H 1
| #define HAVE_INTTYPES_H 1
| #define HAVE_STDINT_H 1
| #define HAVE_UNISTD_H 1
| #define HAVE_ASM_UNISTD_H 1
| #define HAVE_ENDIAN_H 1
| #define HAVE_MQUEUE_H 1
| /* end confdefs.h.  */
| #include <sys/endian.h>
configure:8868: result: no
configure:8901: checking for sys/endian.h
configure:8909: result: no
configure:8792: checking sys/epoll.h usability
configure:8809: gcc -c -Wno-long-long -Wno-pointer-sign -Wdeclaration-after-statement -fno-stack-protector  conftest.c >&5
configure:8815: $? = 0
configure:8829: result: yes
configure:8833: checking sys/epoll.h presence
configure:8848: gcc -E  conftest.c
configure:8854: $? = 0
configure:8868: result: yes
configure:8901: checking for sys/epoll.h
configure:8909: result: yes
configure:8792: checking sys/eventfd.h usability
configure:8809: gcc -c -Wno-long-long -Wno-pointer-sign -Wdeclaration-after-statement -fno-stack-protector  conftest.c >&5
conftest.c:75:25: error: sys/eventfd.h: No such file or directory
configure:8815: $? = 1
configure: failed program was:
| /* confdefs.h.  */
| #define PACKAGE_NAME "Valgrind"
| #define PACKAGE_TARNAME "valgrind"
| #define PACKAGE_VERSION "3.5.0.SVN"
| #define PACKAGE_STRING "Valgrind 3.5.0.SVN"
| #define PACKAGE_BUGREPORT "valgrind-users@lists.sourceforge.net"
| #define PACKAGE "valgrind"
| #define VERSION "3.5.0.SVN"
| #define GDB_PATH "/usr/bin/gdb"
| #define KERNEL_2_6 1
| #define GLIBC_2_3 1
| #define HAVE_CLOCK_MONOTONIC 1
| #define HAVE_PTHREAD_MUTEX_ADAPTIVE_NP 1
| #define HAVE_PTHREAD_MUTEX_ERRORCHECK_NP 1
| #define HAVE_PTHREAD_MUTEX_RECURSIVE_NP 1
| #define HAVE_PTHREAD_RECURSIVE_MUTEX_INITIALIZER_NP 1
| #define HAVE_PTHREAD_MUTEX_T__M_KIND 1
| #define HAVE_PTHREAD_CREATE_GLIBC_2_0 1
| #define HAVE_BUILTIN_EXPECT 1
| #define HAVE_TLS 1
| #define HAVE__PROC_SELF_FD 1
| #define HAVE_PROC 1
| #define HAVE__PROC_SELF_EXE 1
| #define HAVE_PROC 1
| #define HAVE__PROC_SELF_MAPS 1
| #define HAVE_PROC 1
| #define STDC_HEADERS 1
| #define HAVE_SYS_TYPES_H 1
| #define HAVE_SYS_STAT_H 1
| #define HAVE_STDLIB_H 1
| #define HAVE_STRING_H 1
| #define HAVE_MEMORY_H 1
| #define HAVE_STRINGS_H 1
| #define HAVE_INTTYPES_H 1
| #define HAVE_STDINT_H 1
| #define HAVE_UNISTD_H 1
| #define HAVE_ASM_UNISTD_H 1
| #define HAVE_ENDIAN_H 1
| #define HAVE_MQUEUE_H 1
| #define HAVE_SYS_EPOLL_H 1
| /* end confdefs.h.  */
| #include <stdio.h>
| #ifdef HAVE_SYS_TYPES_H
| # include <sys/types.h>
| #endif
| #ifdef HAVE_SYS_STAT_H
| # include <sys/stat.h>
| #endif
| #ifdef STDC_HEADERS
| # include <stdlib.h>
| # include <stddef.h>
| #else
| # ifdef HAVE_STDLIB_H
| #  include <stdlib.h>
| # endif
| #endif
| #ifdef HAVE_STRING_H
| # if !defined STDC_HEADERS && defined HAVE_MEMORY_H
| #  include <memory.h>
| # endif
| # include <string.h>
| #endif
| #ifdef HAVE_STRINGS_H
| # include <strings.h>
| #endif
| #ifdef HAVE_INTTYPES_H
| # include <inttypes.h>
| #endif
| #ifdef HAVE_STDINT_H
| # include <stdint.h>
| #endif
| #ifdef HAVE_UNISTD_H
| # include <unistd.h>
| #endif
| #include <sys/eventfd.h>
configure:8829: result: no
configure:8833: checking sys/eventfd.h presence
configure:8848: gcc -E  conftest.c
conftest.c:42:25: error: sys/eventfd.h: No such file or directory
configure:8854: $? = 1
configure: failed program was:
| /* confdefs.h.  */
| #define PACKAGE_NAME "Valgrind"
| #define PACKAGE_TARNAME "valgrind"
| #define PACKAGE_VERSION "3.5.0.SVN"
| #define PACKAGE_STRING "Valgrind 3.5.0.SVN"
| #define PACKAGE_BUGREPORT "valgrind-users@lists.sourceforge.net"
| #define PACKAGE "valgrind"
| #define VERSION "3.5.0.SVN"
| #define GDB_PATH "/usr/bin/gdb"
| #define KERNEL_2_6 1
| #define GLIBC_2_3 1
| #define HAVE_CLOCK_MONOTONIC 1
| #define HAVE_PTHREAD_MUTEX_ADAPTIVE_NP 1
| #define HAVE_PTHREAD_MUTEX_ERRORCHECK_NP 1
| #define HAVE_PTHREAD_MUTEX_RECURSIVE_NP 1
| #define HAVE_PTHREAD_RECURSIVE_MUTEX_INITIALIZER_NP 1
| #define HAVE_PTHREAD_MUTEX_T__M_KIND 1
| #define HAVE_PTHREAD_CREATE_GLIBC_2_0 1
| #define HAVE_BUILTIN_EXPECT 1
| #define HAVE_TLS 1
| #define HAVE__PROC_SELF_FD 1
| #define HAVE_PROC 1
| #define HAVE__PROC_SELF_EXE 1
| #define HAVE_PROC 1
| #define HAVE__PROC_SELF_MAPS 1
| #define HAVE_PROC 1
| #define STDC_HEADERS 1
| #define HAVE_SYS_TYPES_H 1
| #define HAVE_SYS_STAT_H 1
| #define HAVE_STDLIB_H 1
| #define HAVE_STRING_H 1
| #define HAVE_MEMORY_H 1
| #define HAVE_STRINGS_H 1
| #define HAVE_INTTYPES_H 1
| #define HAVE_STDINT_H 1
| #define HAVE_UNISTD_H 1
| #define HAVE_ASM_UNISTD_H 1
| #define HAVE_ENDIAN_H 1
| #define HAVE_MQUEUE_H 1
| #define HAVE_SYS_EPOLL_H 1
| /* end confdefs.h.  */
| #include <sys/eventfd.h>
configure:8868: result: no
configure:8901: checking for sys/eventfd.h
configure:8909: result: no
configure:8792: checking sys/klog.h usability
configure:8809: gcc -c -Wno-long-long -Wno-pointer-sign -Wdeclaration-after-statement -fno-stack-protector  conftest.c >&5
configure:8815: $? = 0
configure:8829: result: yes
configure:8833: checking sys/klog.h presence
configure:8848: gcc -E  conftest.c
configure:8854: $? = 0
configure:8868: result: yes
configure:8901: checking for sys/klog.h
configure:8909: result: yes
configure:8792: checking sys/poll.h usability
configure:8809: gcc -c -Wno-long-long -Wno-pointer-sign -Wdeclaration-after-statement -fno-stack-protector  conftest.c >&5
configure:8815: $? = 0
configure:8829: result: yes
configure:8833: checking sys/poll.h presence
configure:8848: gcc -E  conftest.c
configure:8854: $? = 0
configure:8868: result: yes
configure:8901: checking for sys/poll.h
configure:8909: result: yes
configure:8792: checking sys/signal.h usability
configure:8809: gcc -c -Wno-long-long -Wno-pointer-sign -Wdeclaration-after-statement -fno-stack-protector  conftest.c >&5
configure:8815: $? = 0
configure:8829: result: yes
configure:8833: checking sys/signal.h presence
configure:8848: gcc -E  conftest.c
configure:8854: $? = 0
configure:8868: result: yes
configure:8901: checking for sys/signal.h
configure:8909: result: yes
configure:8792: checking sys/signalfd.h usability
configure:8809: gcc -c -Wno-long-long -Wno-pointer-sign -Wdeclaration-after-statement -fno-stack-protector  conftest.c >&5
conftest.c:78:26: error: sys/signalfd.h: No such file or directory
configure:8815: $? = 1
configure: failed program was:
| /* confdefs.h.  */
| #define PACKAGE_NAME "Valgrind"
| #define PACKAGE_TARNAME "valgrind"
| #define PACKAGE_VERSION "3.5.0.SVN"
| #define PACKAGE_STRING "Valgrind 3.5.0.SVN"
| #define PACKAGE_BUGREPORT "valgrind-users@lists.sourceforge.net"
| #define PACKAGE "valgrind"
| #define VERSION "3.5.0.SVN"
| #define GDB_PATH "/usr/bin/gdb"
| #define KERNEL_2_6 1
| #define GLIBC_2_3 1
| #define HAVE_CLOCK_MONOTONIC 1
| #define HAVE_PTHREAD_MUTEX_ADAPTIVE_NP 1
| #define HAVE_PTHREAD_MUTEX_ERRORCHECK_NP 1
| #define HAVE_PTHREAD_MUTEX_RECURSIVE_NP 1
| #define HAVE_PTHREAD_RECURSIVE_MUTEX_INITIALIZER_NP 1
| #define HAVE_PTHREAD_MUTEX_T__M_KIND 1
| #define HAVE_PTHREAD_CREATE_GLIBC_2_0 1
| #define HAVE_BUILTIN_EXPECT 1
| #define HAVE_TLS 1
| #define HAVE__PROC_SELF_FD 1
| #define HAVE_PROC 1
| #define HAVE__PROC_SELF_EXE 1
| #define HAVE_PROC 1
| #define HAVE__PROC_SELF_MAPS 1
| #define HAVE_PROC 1
| #define STDC_HEADERS 1
| #define HAVE_SYS_TYPES_H 1
| #define HAVE_SYS_STAT_H 1
| #define HAVE_STDLIB_H 1
| #define HAVE_STRING_H 1
| #define HAVE_MEMORY_H 1
| #define HAVE_STRINGS_H 1
| #define HAVE_INTTYPES_H 1
| #define HAVE_STDINT_H 1
| #define HAVE_UNISTD_H 1
| #define HAVE_ASM_UNISTD_H 1
| #define HAVE_ENDIAN_H 1
| #define HAVE_MQUEUE_H 1
| #define HAVE_SYS_EPOLL_H 1
| #define HAVE_SYS_KLOG_H 1
| #define HAVE_SYS_POLL_H 1
| #define HAVE_SYS_SIGNAL_H 1
| /* end confdefs.h.  */
| #include <stdio.h>
| #ifdef HAVE_SYS_TYPES_H
| # include <sys/types.h>
| #endif
| #ifdef HAVE_SYS_STAT_H
| # include <sys/stat.h>
| #endif
| #ifdef STDC_HEADERS
| # include <stdlib.h>
| # include <stddef.h>
| #else
| # ifdef HAVE_STDLIB_H
| #  include <stdlib.h>
| # endif
| #endif
| #ifdef HAVE_STRING_H
| # if !defined STDC_HEADERS && defined HAVE_MEMORY_H
| #  include <memory.h>
| # endif
| # include <string.h>
| #endif
| #ifdef HAVE_STRINGS_H
| # include <strings.h>
| #endif
| #ifdef HAVE_INTTYPES_H
| # include <inttypes.h>
| #endif
| #ifdef HAVE_STDINT_H
| # include <stdint.h>
| #endif
| #ifdef HAVE_UNISTD_H
| # include <unistd.h>
| #endif
| #include <sys/signalfd.h>
configure:8829: result: no
configure:8833: checking sys/signalfd.h presence
configure:8848: gcc -E  conftest.c
conftest.c:45:26: error: sys/signalfd.h: No such file or directory
configure:8854: $? = 1
configure: failed program was:
| /* confdefs.h.  */
| #define PACKAGE_NAME "Valgrind"
| #define PACKAGE_TARNAME "valgrind"
| #define PACKAGE_VERSION "3.5.0.SVN"
| #define PACKAGE_STRING "Valgrind 3.5.0.SVN"
| #define PACKAGE_BUGREPORT "valgrind-users@lists.sourceforge.net"
| #define PACKAGE "valgrind"
| #define VERSION "3.5.0.SVN"
| #define GDB_PATH "/usr/bin/gdb"
| #define KERNEL_2_6 1
| #define GLIBC_2_3 1
| #define HAVE_CLOCK_MONOTONIC 1
| #define HAVE_PTHREAD_MUTEX_ADAPTIVE_NP 1
| #define HAVE_PTHREAD_MUTEX_ERRORCHECK_NP 1
| #define HAVE_PTHREAD_MUTEX_RECURSIVE_NP 1
| #define HAVE_PTHREAD_RECURSIVE_MUTEX_INITIALIZER_NP 1
| #define HAVE_PTHREAD_MUTEX_T__M_KIND 1
| #define HAVE_PTHREAD_CREATE_GLIBC_2_0 1
| #define HAVE_BUILTIN_EXPECT 1
| #define HAVE_TLS 1
| #define HAVE__PROC_SELF_FD 1
| #define HAVE_PROC 1
| #define HAVE__PROC_SELF_EXE 1
| #define HAVE_PROC 1
| #define HAVE__PROC_SELF_MAPS 1
| #define HAVE_PROC 1
| #define STDC_HEADERS 1
| #define HAVE_SYS_TYPES_H 1
| #define HAVE_SYS_STAT_H 1
| #define HAVE_STDLIB_H 1
| #define HAVE_STRING_H 1
| #define HAVE_MEMORY_H 1
| #define HAVE_STRINGS_H 1
| #define HAVE_INTTYPES_H 1
| #define HAVE_STDINT_H 1
| #define HAVE_UNISTD_H 1
| #define HAVE_ASM_UNISTD_H 1
| #define HAVE_ENDIAN_H 1
| #define HAVE_MQUEUE_H 1
| #define HAVE_SYS_EPOLL_H 1
| #define HAVE_SYS_KLOG_H 1
| #define HAVE_SYS_POLL_H 1
| #define HAVE_SYS_SIGNAL_H 1
| /* end confdefs.h.  */
| #include <sys/signalfd.h>
configure:8868: result: no
configure:8901: checking for sys/signalfd.h
configure:8909: result: no
configure:8792: checking sys/syscall.h usability
configure:8809: gcc -c -Wno-long-long -Wno-pointer-sign -Wdeclaration-after-statement -fno-stack-protector  conftest.c >&5
configure:8815: $? = 0
configure:8829: result: yes
configure:8833: checking sys/syscall.h presence
configure:8848: gcc -E  conftest.c
configure:8854: $? = 0
configure:8868: result: yes
configure:8901: checking for sys/syscall.h
configure:8909: result: yes
configure:8792: checking sys/time.h usability
configure:8809: gcc -c -Wno-long-long -Wno-pointer-sign -Wdeclaration-after-statement -fno-stack-protector  conftest.c >&5
configure:8815: $? = 0
configure:8829: result: yes
configure:8833: checking sys/time.h presence
configure:8848: gcc -E  conftest.c
configure:8854: $? = 0
configure:8868: result: yes
configure:8901: checking for sys/time.h
configure:8909: result: yes
configure:8782: checking for sys/types.h
configure:8788: result: yes
configure:8926: checking for uid_t in sys/types.h
configure:8949: result: yes
configure:8964: checking for off_t
configure:8994: gcc -c -Wno-long-long -Wno-pointer-sign -Wdeclaration-after-statement -fno-stack-protector  conftest.c >&5
configure:9000: $? = 0
configure:9015: result: yes
configure:9027: checking for size_t
configure:9057: gcc -c -Wno-long-long -Wno-pointer-sign -Wdeclaration-after-statement -fno-stack-protector  conftest.c >&5
configure:9063: $? = 0
configure:9078: result: yes
configure:9090: checking whether time.h and sys/time.h may both be included
configure:9120: gcc -c -Wno-long-long -Wno-pointer-sign -Wdeclaration-after-statement -fno-stack-protector  conftest.c >&5
configure:9126: $? = 0
configure:9141: result: yes
configure:9156: checking for working memcmp
configure:9209: gcc -o conftest -Wno-long-long -Wno-pointer-sign -Wdeclaration-after-statement -fno-stack-protector   conftest.c  >&5
configure:9212: $? = 0
configure:9218: ./conftest
configure:9221: $? = 0
configure:9237: result: yes
configure:9252: checking for stdlib.h
configure:9258: result: yes
configure:9252: checking for unistd.h
configure:9258: result: yes
configure:9396: checking for getpagesize
configure:9452: gcc -o conftest -Wno-long-long -Wno-pointer-sign -Wdeclaration-after-statement -fno-stack-protector   conftest.c  >&5
configure:9458: $? = 0
configure:9476: result: yes
configure:9486: checking for working mmap
configure:9633: gcc -o conftest -Wno-long-long -Wno-pointer-sign -Wdeclaration-after-statement -fno-stack-protector   conftest.c  >&5
configure:9636: $? = 0
configure:9642: ./conftest
configure:9645: $? = 0
configure:9661: result: yes
configure:9672: checking return type of signal handlers
configure:9700: gcc -c -Wno-long-long -Wno-pointer-sign -Wdeclaration-after-statement -fno-stack-protector  conftest.c >&5
conftest.c: In function 'main':
conftest.c:59: error: void value not ignored as it ought to be
configure:9706: $? = 1
configure: failed program was:
| /* confdefs.h.  */
| #define PACKAGE_NAME "Valgrind"
| #define PACKAGE_TARNAME "valgrind"
| #define PACKAGE_VERSION "3.5.0.SVN"
| #define PACKAGE_STRING "Valgrind 3.5.0.SVN"
| #define PACKAGE_BUGREPORT "valgrind-users@lists.sourceforge.net"
| #define PACKAGE "valgrind"
| #define VERSION "3.5.0.SVN"
| #define GDB_PATH "/usr/bin/gdb"
| #define KERNEL_2_6 1
| #define GLIBC_2_3 1
| #define HAVE_CLOCK_MONOTONIC 1
| #define HAVE_PTHREAD_MUTEX_ADAPTIVE_NP 1
| #define HAVE_PTHREAD_MUTEX_ERRORCHECK_NP 1
| #define HAVE_PTHREAD_MUTEX_RECURSIVE_NP 1
| #define HAVE_PTHREAD_RECURSIVE_MUTEX_INITIALIZER_NP 1
| #define HAVE_PTHREAD_MUTEX_T__M_KIND 1
| #define HAVE_PTHREAD_CREATE_GLIBC_2_0 1
| #define HAVE_BUILTIN_EXPECT 1
| #define HAVE_TLS 1
| #define HAVE__PROC_SELF_FD 1
| #define HAVE_PROC 1
| #define HAVE__PROC_SELF_EXE 1
| #define HAVE_PROC 1
| #define HAVE__PROC_SELF_MAPS 1
| #define HAVE_PROC 1
| #define STDC_HEADERS 1
| #define HAVE_SYS_TYPES_H 1
| #define HAVE_SYS_STAT_H 1
| #define HAVE_STDLIB_H 1
| #define HAVE_STRING_H 1
| #define HAVE_MEMORY_H 1
| #define HAVE_STRINGS_H 1
| #define HAVE_INTTYPES_H 1
| #define HAVE_STDINT_H 1
| #define HAVE_UNISTD_H 1
| #define HAVE_ASM_UNISTD_H 1
| #define HAVE_ENDIAN_H 1
| #define HAVE_MQUEUE_H 1
| #define HAVE_SYS_EPOLL_H 1
| #define HAVE_SYS_KLOG_H 1
| #define HAVE_SYS_POLL_H 1
| #define HAVE_SYS_SIGNAL_H 1
| #define HAVE_SYS_SYSCALL_H 1
| #define HAVE_SYS_TIME_H 1
| #define HAVE_SYS_TYPES_H 1
| #define TIME_WITH_SYS_TIME 1
| #define HAVE_STDLIB_H 1
| #define HAVE_UNISTD_H 1
| #define HAVE_GETPAGESIZE 1
| #define HAVE_MMAP 1
| /* end confdefs.h.  */
| #include <sys/types.h>
| #include <signal.h>
| 
| int
| main ()
| {
| return *(signal (0, 0)) (0) == 1;
|   ;
|   return 0;
| }
configure:9721: result: void
configure:9731: checking for clock_gettime in -lrt
configure:9766: gcc -o conftest -Wno-long-long -Wno-pointer-sign -Wdeclaration-after-statement -fno-stack-protector   conftest.c -lrt   >&5
configure:9772: $? = 0
configure:9790: result: yes
configure:9862: checking for clock_gettime
configure:9918: gcc -o conftest -Wno-long-long -Wno-pointer-sign -Wdeclaration-after-statement -fno-stack-protector   conftest.c -lrt  >&5
configure:9924: $? = 0
configure:9942: result: yes
configure:9862: checking for epoll_create
configure:9918: gcc -o conftest -Wno-long-long -Wno-pointer-sign -Wdeclaration-after-statement -fno-stack-protector   conftest.c -lrt  >&5
configure:9924: $? = 0
configure:9942: result: yes
configure:9862: checking for epoll_pwait
configure:9918: gcc -o conftest -Wno-long-long -Wno-pointer-sign -Wdeclaration-after-statement -fno-stack-protector   conftest.c -lrt  >&5
/tmp/ccgdrJxy.o: In function `main':
conftest.c:(.text+0x12): undefined reference to `epoll_pwait'
collect2: ld returned 1 exit status
configure:9924: $? = 1
configure: failed program was:
| /* confdefs.h.  */
| #define PACKAGE_NAME "Valgrind"
| #define PACKAGE_TARNAME "valgrind"
| #define PACKAGE_VERSION "3.5.0.SVN"
| #define PACKAGE_STRING "Valgrind 3.5.0.SVN"
| #define PACKAGE_BUGREPORT "valgrind-users@lists.sourceforge.net"
| #define PACKAGE "valgrind"
| #define VERSION "3.5.0.SVN"
| #define GDB_PATH "/usr/bin/gdb"
| #define KERNEL_2_6 1
| #define GLIBC_2_3 1
| #define HAVE_CLOCK_MONOTONIC 1
| #define HAVE_PTHREAD_MUTEX_ADAPTIVE_NP 1
| #define HAVE_PTHREAD_MUTEX_ERRORCHECK_NP 1
| #define HAVE_PTHREAD_MUTEX_RECURSIVE_NP 1
| #define HAVE_PTHREAD_RECURSIVE_MUTEX_INITIALIZER_NP 1
| #define HAVE_PTHREAD_MUTEX_T__M_KIND 1
| #define HAVE_PTHREAD_CREATE_GLIBC_2_0 1
| #define HAVE_BUILTIN_EXPECT 1
| #define HAVE_TLS 1
| #define HAVE__PROC_SELF_FD 1
| #define HAVE_PROC 1
| #define HAVE__PROC_SELF_EXE 1
| #define HAVE_PROC 1
| #define HAVE__PROC_SELF_MAPS 1
| #define HAVE_PROC 1
| #define STDC_HEADERS 1
| #define HAVE_SYS_TYPES_H 1
| #define HAVE_SYS_STAT_H 1
| #define HAVE_STDLIB_H 1
| #define HAVE_STRING_H 1
| #define HAVE_MEMORY_H 1
| #define HAVE_STRINGS_H 1
| #define HAVE_INTTYPES_H 1
| #define HAVE_STDINT_H 1
| #define HAVE_UNISTD_H 1
| #define HAVE_ASM_UNISTD_H 1
| #define HAVE_ENDIAN_H 1
| #define HAVE_MQUEUE_H 1
| #define HAVE_SYS_EPOLL_H 1
| #define HAVE_SYS_KLOG_H 1
| #define HAVE_SYS_POLL_H 1
| #define HAVE_SYS_SIGNAL_H 1
| #define HAVE_SYS_SYSCALL_H 1
| #define HAVE_SYS_TIME_H 1
| #define HAVE_SYS_TYPES_H 1
| #define TIME_WITH_SYS_TIME 1
| #define HAVE_STDLIB_H 1
| #define HAVE_UNISTD_H 1
| #define HAVE_GETPAGESIZE 1
| #define HAVE_MMAP 1
| #define RETSIGTYPE void
| #define HAVE_LIBRT 1
| #define HAVE_CLOCK_GETTIME 1
| #define HAVE_EPOLL_CREATE 1
| /* end confdefs.h.  */
| /* Define epoll_pwait to an innocuous variant, in case <limits.h> declares epoll_pwait.
|    For example, HP-UX 11i <limits.h> declares gettimeofday.  */
| #define epoll_pwait innocuous_epoll_pwait
| 
| /* System header to define __stub macros and hopefully few prototypes,
|     which can conflict with char epoll_pwait (); below.
|     Prefer <limits.h> to <assert.h> if __STDC__ is defined, since
|     <limits.h> exists even on freestanding compilers.  */
| 
| #ifdef __STDC__
| # include <limits.h>
| #else
| # include <assert.h>
| #endif
| 
| #undef epoll_pwait
| 
| /* Override any GCC internal prototype to avoid an error.
|    Use char because int might match the return type of a GCC
|    builtin and then its argument prototype would still apply.  */
| #ifdef __cplusplus
| extern "C"
| #endif
| char epoll_pwait ();
| /* The GNU C library defines this for functions which it implements
|     to always fail with ENOSYS.  Some functions are actually named
|     something starting with __ and the normal name is an alias.  */
| #if defined __stub_epoll_pwait || defined __stub___epoll_pwait
| choke me
| #endif
| 
| int
| main ()
| {
| return epoll_pwait ();
|   ;
|   return 0;
| }
configure:9942: result: no
configure:9862: checking for floor
configure:9918: gcc -o conftest -Wno-long-long -Wno-pointer-sign -Wdeclaration-after-statement -fno-stack-protector   conftest.c -lrt  >&5
conftest.c:80: warning: conflicting types for built-in function 'floor'
/tmp/ccOfYzrO.o: In function `main':
conftest.c:(.text+0x12): undefined reference to `floor'
collect2: ld returned 1 exit status
configure:9924: $? = 1
configure: failed program was:
| /* confdefs.h.  */
| #define PACKAGE_NAME "Valgrind"
| #define PACKAGE_TARNAME "valgrind"
| #define PACKAGE_VERSION "3.5.0.SVN"
| #define PACKAGE_STRING "Valgrind 3.5.0.SVN"
| #define PACKAGE_BUGREPORT "valgrind-users@lists.sourceforge.net"
| #define PACKAGE "valgrind"
| #define VERSION "3.5.0.SVN"
| #define GDB_PATH "/usr/bin/gdb"
| #define KERNEL_2_6 1
| #define GLIBC_2_3 1
| #define HAVE_CLOCK_MONOTONIC 1
| #define HAVE_PTHREAD_MUTEX_ADAPTIVE_NP 1
| #define HAVE_PTHREAD_MUTEX_ERRORCHECK_NP 1
| #define HAVE_PTHREAD_MUTEX_RECURSIVE_NP 1
| #define HAVE_PTHREAD_RECURSIVE_MUTEX_INITIALIZER_NP 1
| #define HAVE_PTHREAD_MUTEX_T__M_KIND 1
| #define HAVE_PTHREAD_CREATE_GLIBC_2_0 1
| #define HAVE_BUILTIN_EXPECT 1
| #define HAVE_TLS 1
| #define HAVE__PROC_SELF_FD 1
| #define HAVE_PROC 1
| #define HAVE__PROC_SELF_EXE 1
| #define HAVE_PROC 1
| #define HAVE__PROC_SELF_MAPS 1
| #define HAVE_PROC 1
| #define STDC_HEADERS 1
| #define HAVE_SYS_TYPES_H 1
| #define HAVE_SYS_STAT_H 1
| #define HAVE_STDLIB_H 1
| #define HAVE_STRING_H 1
| #define HAVE_MEMORY_H 1
| #define HAVE_STRINGS_H 1
| #define HAVE_INTTYPES_H 1
| #define HAVE_STDINT_H 1
| #define HAVE_UNISTD_H 1
| #define HAVE_ASM_UNISTD_H 1
| #define HAVE_ENDIAN_H 1
| #define HAVE_MQUEUE_H 1
| #define HAVE_SYS_EPOLL_H 1
| #define HAVE_SYS_KLOG_H 1
| #define HAVE_SYS_POLL_H 1
| #define HAVE_SYS_SIGNAL_H 1
| #define HAVE_SYS_SYSCALL_H 1
| #define HAVE_SYS_TIME_H 1
| #define HAVE_SYS_TYPES_H 1
| #define TIME_WITH_SYS_TIME 1
| #define HAVE_STDLIB_H 1
| #define HAVE_UNISTD_H 1
| #define HAVE_GETPAGESIZE 1
| #define HAVE_MMAP 1
| #define RETSIGTYPE void
| #define HAVE_LIBRT 1
| #define HAVE_CLOCK_GETTIME 1
| #define HAVE_EPOLL_CREATE 1
| /* end confdefs.h.  */
| /* Define floor to an innocuous variant, in case <limits.h> declares floor.
|    For example, HP-UX 11i <limits.h> declares gettimeofday.  */
| #define floor innocuous_floor
| 
| /* System header to define __stub macros and hopefully few prototypes,
|     which can conflict with char floor (); below.
|     Prefer <limits.h> to <assert.h> if __STDC__ is defined, since
|     <limits.h> exists even on freestanding compilers.  */
| 
| #ifdef __STDC__
| # include <limits.h>
| #else
| # include <assert.h>
| #endif
| 
| #undef floor
| 
| /* Override any GCC internal prototype to avoid an error.
|    Use char because int might match the return type of a GCC
|    builtin and then its argument prototype would still apply.  */
| #ifdef __cplusplus
| extern "C"
| #endif
| char floor ();
| /* The GNU C library defines this for functions which it implements
|     to always fail with ENOSYS.  Some functions are actually named
|     something starting with __ and the normal name is an alias.  */
| #if defined __stub_floor || defined __stub___floor
| choke me
| #endif
| 
| int
| main ()
| {
| return floor ();
|   ;
|   return 0;
| }
configure:9942: result: no
configure:9862: checking for klogctl
configure:9918: gcc -o conftest -Wno-long-long -Wno-pointer-sign -Wdeclaration-after-statement -fno-stack-protector   conftest.c -lrt  >&5
configure:9924: $? = 0
configure:9942: result: yes
configure:9862: checking for mallinfo
configure:9918: gcc -o conftest -Wno-long-long -Wno-pointer-sign -Wdeclaration-after-statement -fno-stack-protector   conftest.c -lrt  >&5
configure:9924: $? = 0
configure:9942: result: yes
configure:9862: checking for memchr
configure:9918: gcc -o conftest -Wno-long-long -Wno-pointer-sign -Wdeclaration-after-statement -fno-stack-protector   conftest.c -lrt  >&5
configure:9924: $? = 0
configure:9942: result: yes
configure:9862: checking for memset
configure:9918: gcc -o conftest -Wno-long-long -Wno-pointer-sign -Wdeclaration-after-statement -fno-stack-protector   conftest.c -lrt  >&5
conftest.c:83: warning: conflicting types for built-in function 'memset'
configure:9924: $? = 0
configure:9942: result: yes
configure:9862: checking for mkdir
configure:9918: gcc -o conftest -Wno-long-long -Wno-pointer-sign -Wdeclaration-after-statement -fno-stack-protector   conftest.c -lrt  >&5
configure:9924: $? = 0
configure:9942: result: yes
configure:9862: checking for mremap
configure:9918: gcc -o conftest -Wno-long-long -Wno-pointer-sign -Wdeclaration-after-statement -fno-stack-protector   conftest.c -lrt  >&5
configure:9924: $? = 0
configure:9942: result: yes
configure:9862: checking for ppoll
configure:9918: gcc -o conftest -Wno-long-long -Wno-pointer-sign -Wdeclaration-after-statement -fno-stack-protector   conftest.c -lrt  >&5
/tmp/ccChB3CC.o: In function `main':
conftest.c:(.text+0x12): undefined reference to `ppoll'
collect2: ld returned 1 exit status
configure:9924: $? = 1
configure: failed program was:
| /* confdefs.h.  */
| #define PACKAGE_NAME "Valgrind"
| #define PACKAGE_TARNAME "valgrind"
| #define PACKAGE_VERSION "3.5.0.SVN"
| #define PACKAGE_STRING "Valgrind 3.5.0.SVN"
| #define PACKAGE_BUGREPORT "valgrind-users@lists.sourceforge.net"
| #define PACKAGE "valgrind"
| #define VERSION "3.5.0.SVN"
| #define GDB_PATH "/usr/bin/gdb"
| #define KERNEL_2_6 1
| #define GLIBC_2_3 1
| #define HAVE_CLOCK_MONOTONIC 1
| #define HAVE_PTHREAD_MUTEX_ADAPTIVE_NP 1
| #define HAVE_PTHREAD_MUTEX_ERRORCHECK_NP 1
| #define HAVE_PTHREAD_MUTEX_RECURSIVE_NP 1
| #define HAVE_PTHREAD_RECURSIVE_MUTEX_INITIALIZER_NP 1
| #define HAVE_PTHREAD_MUTEX_T__M_KIND 1
| #define HAVE_PTHREAD_CREATE_GLIBC_2_0 1
| #define HAVE_BUILTIN_EXPECT 1
| #define HAVE_TLS 1
| #define HAVE__PROC_SELF_FD 1
| #define HAVE_PROC 1
| #define HAVE__PROC_SELF_EXE 1
| #define HAVE_PROC 1
| #define HAVE__PROC_SELF_MAPS 1
| #define HAVE_PROC 1
| #define STDC_HEADERS 1
| #define HAVE_SYS_TYPES_H 1
| #define HAVE_SYS_STAT_H 1
| #define HAVE_STDLIB_H 1
| #define HAVE_STRING_H 1
| #define HAVE_MEMORY_H 1
| #define HAVE_STRINGS_H 1
| #define HAVE_INTTYPES_H 1
| #define HAVE_STDINT_H 1
| #define HAVE_UNISTD_H 1
| #define HAVE_ASM_UNISTD_H 1
| #define HAVE_ENDIAN_H 1
| #define HAVE_MQUEUE_H 1
| #define HAVE_SYS_EPOLL_H 1
| #define HAVE_SYS_KLOG_H 1
| #define HAVE_SYS_POLL_H 1
| #define HAVE_SYS_SIGNAL_H 1
| #define HAVE_SYS_SYSCALL_H 1
| #define HAVE_SYS_TIME_H 1
| #define HAVE_SYS_TYPES_H 1
| #define TIME_WITH_SYS_TIME 1
| #define HAVE_STDLIB_H 1
| #define HAVE_UNISTD_H 1
| #define HAVE_GETPAGESIZE 1
| #define HAVE_MMAP 1
| #define RETSIGTYPE void
| #define HAVE_LIBRT 1
| #define HAVE_CLOCK_GETTIME 1
| #define HAVE_EPOLL_CREATE 1
| #define HAVE_KLOGCTL 1
| #define HAVE_MALLINFO 1
| #define HAVE_MEMCHR 1
| #define HAVE_MEMSET 1
| #define HAVE_MKDIR 1
| #define HAVE_MREMAP 1
| /* end confdefs.h.  */
| /* Define ppoll to an innocuous variant, in case <limits.h> declares ppoll.
|    For example, HP-UX 11i <limits.h> declares gettimeofday.  */
| #define ppoll innocuous_ppoll
| 
| /* System header to define __stub macros and hopefully few prototypes,
|     which can conflict with char ppoll (); below.
|     Prefer <limits.h> to <assert.h> if __STDC__ is defined, since
|     <limits.h> exists even on freestanding compilers.  */
| 
| #ifdef __STDC__
| # include <limits.h>
| #else
| # include <assert.h>
| #endif
| 
| #undef ppoll
| 
| /* Override any GCC internal prototype to avoid an error.
|    Use char because int might match the return type of a GCC
|    builtin and then its argument prototype would still apply.  */
| #ifdef __cplusplus
| extern "C"
| #endif
| char ppoll ();
| /* The GNU C library defines this for functions which it implements
|     to always fail with ENOSYS.  Some functions are actually named
|     something starting with __ and the normal name is an alias.  */
| #if defined __stub_ppoll || defined __stub___ppoll
| choke me
| #endif
| 
| int
| main ()
| {
| return ppoll ();
|   ;
|   return 0;
| }
configure:9942: result: no
configure:9862: checking for pthread_barrier_init
configure:9918: gcc -o conftest -Wno-long-long -Wno-pointer-sign -Wdeclaration-after-statement -fno-stack-protector   conftest.c -lrt  >&5
configure:9924: $? = 0
configure:9942: result: yes
configure:9862: checking for pthread_condattr_setclock
configure:9918: gcc -o conftest -Wno-long-long -Wno-pointer-sign -Wdeclaration-after-statement -fno-stack-protector   conftest.c -lrt  >&5
/tmp/ccoIXVpd.o: In function `main':
conftest.c:(.text+0x12): undefined reference to `pthread_condattr_setclock'
collect2: ld returned 1 exit status
configure:9924: $? = 1
configure: failed program was:
| /* confdefs.h.  */
| #define PACKAGE_NAME "Valgrind"
| #define PACKAGE_TARNAME "valgrind"
| #define PACKAGE_VERSION "3.5.0.SVN"
| #define PACKAGE_STRING "Valgrind 3.5.0.SVN"
| #define PACKAGE_BUGREPORT "valgrind-users@lists.sourceforge.net"
| #define PACKAGE "valgrind"
| #define VERSION "3.5.0.SVN"
| #define GDB_PATH "/usr/bin/gdb"
| #define KERNEL_2_6 1
| #define GLIBC_2_3 1
| #define HAVE_CLOCK_MONOTONIC 1
| #define HAVE_PTHREAD_MUTEX_ADAPTIVE_NP 1
| #define HAVE_PTHREAD_MUTEX_ERRORCHECK_NP 1
| #define HAVE_PTHREAD_MUTEX_RECURSIVE_NP 1
| #define HAVE_PTHREAD_RECURSIVE_MUTEX_INITIALIZER_NP 1
| #define HAVE_PTHREAD_MUTEX_T__M_KIND 1
| #define HAVE_PTHREAD_CREATE_GLIBC_2_0 1
| #define HAVE_BUILTIN_EXPECT 1
| #define HAVE_TLS 1
| #define HAVE__PROC_SELF_FD 1
| #define HAVE_PROC 1
| #define HAVE__PROC_SELF_EXE 1
| #define HAVE_PROC 1
| #define HAVE__PROC_SELF_MAPS 1
| #define HAVE_PROC 1
| #define STDC_HEADERS 1
| #define HAVE_SYS_TYPES_H 1
| #define HAVE_SYS_STAT_H 1
| #define HAVE_STDLIB_H 1
| #define HAVE_STRING_H 1
| #define HAVE_MEMORY_H 1
| #define HAVE_STRINGS_H 1
| #define HAVE_INTTYPES_H 1
| #define HAVE_STDINT_H 1
| #define HAVE_UNISTD_H 1
| #define HAVE_ASM_UNISTD_H 1
| #define HAVE_ENDIAN_H 1
| #define HAVE_MQUEUE_H 1
| #define HAVE_SYS_EPOLL_H 1
| #define HAVE_SYS_KLOG_H 1
| #define HAVE_SYS_POLL_H 1
| #define HAVE_SYS_SIGNAL_H 1
| #define HAVE_SYS_SYSCALL_H 1
| #define HAVE_SYS_TIME_H 1
| #define HAVE_SYS_TYPES_H 1
| #define TIME_WITH_SYS_TIME 1
| #define HAVE_STDLIB_H 1
| #define HAVE_UNISTD_H 1
| #define HAVE_GETPAGESIZE 1
| #define HAVE_MMAP 1
| #define RETSIGTYPE void
| #define HAVE_LIBRT 1
| #define HAVE_CLOCK_GETTIME 1
| #define HAVE_EPOLL_CREATE 1
| #define HAVE_KLOGCTL 1
| #define HAVE_MALLINFO 1
| #define HAVE_MEMCHR 1
| #define HAVE_MEMSET 1
| #define HAVE_MKDIR 1
| #define HAVE_MREMAP 1
| #define HAVE_PTHREAD_BARRIER_INIT 1
| /* end confdefs.h.  */
| /* Define pthread_condattr_setclock to an innocuous variant, in case <limits.h> declares pthread_condattr_setclock.
|    For example, HP-UX 11i <limits.h> declares gettimeofday.  */
| #define pthread_condattr_setclock innocuous_pthread_condattr_setclock
| 
| /* System header to define __stub macros and hopefully few prototypes,
|     which can conflict with char pthread_condattr_setclock (); below.
|     Prefer <limits.h> to <assert.h> if __STDC__ is defined, since
|     <limits.h> exists even on freestanding compilers.  */
| 
| #ifdef __STDC__
| # include <limits.h>
| #else
| # include <assert.h>
| #endif
| 
| #undef pthread_condattr_setclock
| 
| /* Override any GCC internal prototype to avoid an error.
|    Use char because int might match the return type of a GCC
|    builtin and then its argument prototype would still apply.  */
| #ifdef __cplusplus
| extern "C"
| #endif
| char pthread_condattr_setclock ();
| /* The GNU C library defines this for functions which it implements
|     to always fail with ENOSYS.  Some functions are actually named
|     something starting with __ and the normal name is an alias.  */
| #if defined __stub_pthread_condattr_setclock || defined __stub___pthread_condattr_setclock
| choke me
| #endif
| 
| int
| main ()
| {
| return pthread_condattr_setclock ();
|   ;
|   return 0;
| }
configure:9942: result: no
configure:9862: checking for pthread_mutex_timedlock
configure:9918: gcc -o conftest -Wno-long-long -Wno-pointer-sign -Wdeclaration-after-statement -fno-stack-protector   conftest.c -lrt  >&5
configure:9924: $? = 0
configure:9942: result: yes
configure:9862: checking for pthread_rwlock_timedrdlock
configure:9918: gcc -o conftest -Wno-long-long -Wno-pointer-sign -Wdeclaration-after-statement -fno-stack-protector   conftest.c -lrt  >&5
configure:9924: $? = 0
configure:9942: result: yes
configure:9862: checking for pthread_rwlock_timedwrlock
configure:9918: gcc -o conftest -Wno-long-long -Wno-pointer-sign -Wdeclaration-after-statement -fno-stack-protector   conftest.c -lrt  >&5
configure:9924: $? = 0
configure:9942: result: yes
configure:9862: checking for pthread_spin_lock
configure:9918: gcc -o conftest -Wno-long-long -Wno-pointer-sign -Wdeclaration-after-statement -fno-stack-protector   conftest.c -lrt  >&5
configure:9924: $? = 0
configure:9942: result: yes
configure:9862: checking for semtimedop
configure:9918: gcc -o conftest -Wno-long-long -Wno-pointer-sign -Wdeclaration-after-statement -fno-stack-protector   conftest.c -lrt  >&5
configure:9924: $? = 0
configure:9942: result: yes
configure:9862: checking for signalfd
configure:9918: gcc -o conftest -Wno-long-long -Wno-pointer-sign -Wdeclaration-after-statement -fno-stack-protector   conftest.c -lrt  >&5
/tmp/ccIX6rGI.o: In function `main':
conftest.c:(.text+0x12): undefined reference to `signalfd'
collect2: ld returned 1 exit status
configure:9924: $? = 1
configure: failed program was:
| /* confdefs.h.  */
| #define PACKAGE_NAME "Valgrind"
| #define PACKAGE_TARNAME "valgrind"
| #define PACKAGE_VERSION "3.5.0.SVN"
| #define PACKAGE_STRING "Valgrind 3.5.0.SVN"
| #define PACKAGE_BUGREPORT "valgrind-users@lists.sourceforge.net"
| #define PACKAGE "valgrind"
| #define VERSION "3.5.0.SVN"
| #define GDB_PATH "/usr/bin/gdb"
| #define KERNEL_2_6 1
| #define GLIBC_2_3 1
| #define HAVE_CLOCK_MONOTONIC 1
| #define HAVE_PTHREAD_MUTEX_ADAPTIVE_NP 1
| #define HAVE_PTHREAD_MUTEX_ERRORCHECK_NP 1
| #define HAVE_PTHREAD_MUTEX_RECURSIVE_NP 1
| #define HAVE_PTHREAD_RECURSIVE_MUTEX_INITIALIZER_NP 1
| #define HAVE_PTHREAD_MUTEX_T__M_KIND 1
| #define HAVE_PTHREAD_CREATE_GLIBC_2_0 1
| #define HAVE_BUILTIN_EXPECT 1
| #define HAVE_TLS 1
| #define HAVE__PROC_SELF_FD 1
| #define HAVE_PROC 1
| #define HAVE__PROC_SELF_EXE 1
| #define HAVE_PROC 1
| #define HAVE__PROC_SELF_MAPS 1
| #define HAVE_PROC 1
| #define STDC_HEADERS 1
| #define HAVE_SYS_TYPES_H 1
| #define HAVE_SYS_STAT_H 1
| #define HAVE_STDLIB_H 1
| #define HAVE_STRING_H 1
| #define HAVE_MEMORY_H 1
| #define HAVE_STRINGS_H 1
| #define HAVE_INTTYPES_H 1
| #define HAVE_STDINT_H 1
| #define HAVE_UNISTD_H 1
| #define HAVE_ASM_UNISTD_H 1
| #define HAVE_ENDIAN_H 1
| #define HAVE_MQUEUE_H 1
| #define HAVE_SYS_EPOLL_H 1
| #define HAVE_SYS_KLOG_H 1
| #define HAVE_SYS_POLL_H 1
| #define HAVE_SYS_SIGNAL_H 1
| #define HAVE_SYS_SYSCALL_H 1
| #define HAVE_SYS_TIME_H 1
| #define HAVE_SYS_TYPES_H 1
| #define TIME_WITH_SYS_TIME 1
| #define HAVE_STDLIB_H 1
| #define HAVE_UNISTD_H 1
| #define HAVE_GETPAGESIZE 1
| #define HAVE_MMAP 1
| #define RETSIGTYPE void
| #define HAVE_LIBRT 1
| #define HAVE_CLOCK_GETTIME 1
| #define HAVE_EPOLL_CREATE 1
| #define HAVE_KLOGCTL 1
| #define HAVE_MALLINFO 1
| #define HAVE_MEMCHR 1
| #define HAVE_MEMSET 1
| #define HAVE_MKDIR 1
| #define HAVE_MREMAP 1
| #define HAVE_PTHREAD_BARRIER_INIT 1
| #define HAVE_PTHREAD_MUTEX_TIMEDLOCK 1
| #define HAVE_PTHREAD_RWLOCK_TIMEDRDLOCK 1
| #define HAVE_PTHREAD_RWLOCK_TIMEDWRLOCK 1
| #define HAVE_PTHREAD_SPIN_LOCK 1
| #define HAVE_SEMTIMEDOP 1
| /* end confdefs.h.  */
| /* Define signalfd to an innocuous variant, in case <limits.h> declares signalfd.
|    For example, HP-UX 11i <limits.h> declares gettimeofday.  */
| #define signalfd innocuous_signalfd
| 
| /* System header to define __stub macros and hopefully few prototypes,
|     which can conflict with char signalfd (); below.
|     Prefer <limits.h> to <assert.h> if __STDC__ is defined, since
|     <limits.h> exists even on freestanding compilers.  */
| 
| #ifdef __STDC__
| # include <limits.h>
| #else
| # include <assert.h>
| #endif
| 
| #undef signalfd
| 
| /* Override any GCC internal prototype to avoid an error.
|    Use char because int might match the return type of a GCC
|    builtin and then its argument prototype would still apply.  */
| #ifdef __cplusplus
| extern "C"
| #endif
| char signalfd ();
| /* The GNU C library defines this for functions which it implements
|     to always fail with ENOSYS.  Some functions are actually named
|     something starting with __ and the normal name is an alias.  */
| #if defined __stub_signalfd || defined __stub___signalfd
| choke me
| #endif
| 
| int
| main ()
| {
| return signalfd ();
|   ;
|   return 0;
| }
configure:9942: result: no
configure:9862: checking for sigwaitinfo
configure:9918: gcc -o conftest -Wno-long-long -Wno-pointer-sign -Wdeclaration-after-statement -fno-stack-protector   conftest.c -lrt  >&5
configure:9924: $? = 0
configure:9942: result: yes
configure:9862: checking for syscall
configure:9918: gcc -o conftest -Wno-long-long -Wno-pointer-sign -Wdeclaration-after-statement -fno-stack-protector   conftest.c -lrt  >&5
configure:9924: $? = 0
configure:9942: result: yes
configure:9862: checking for strchr
configure:9918: gcc -o conftest -Wno-long-long -Wno-pointer-sign -Wdeclaration-after-statement -fno-stack-protector   conftest.c -lrt  >&5
conftest.c:94: warning: conflicting types for built-in function 'strchr'
configure:9924: $? = 0
configure:9942: result: yes
configure:9862: checking for strdup
configure:9918: gcc -o conftest -Wno-long-long -Wno-pointer-sign -Wdeclaration-after-statement -fno-stack-protector   conftest.c -lrt  >&5
conftest.c:95: warning: conflicting types for built-in function 'strdup'
configure:9924: $? = 0
configure:9942: result: yes
configure:9862: checking for strpbrk
configure:9918: gcc -o conftest -Wno-long-long -Wno-pointer-sign -Wdeclaration-after-statement -fno-stack-protector   conftest.c -lrt  >&5
conftest.c:96: warning: conflicting types for built-in function 'strpbrk'
configure:9924: $? = 0
configure:9942: result: yes
configure:9862: checking for strrchr
configure:9918: gcc -o conftest -Wno-long-long -Wno-pointer-sign -Wdeclaration-after-statement -fno-stack-protector   conftest.c -lrt  >&5
conftest.c:97: warning: conflicting types for built-in function 'strrchr'
configure:9924: $? = 0
configure:9942: result: yes
configure:9862: checking for strstr
configure:9918: gcc -o conftest -Wno-long-long -Wno-pointer-sign -Wdeclaration-after-statement -fno-stack-protector   conftest.c -lrt  >&5
conftest.c:98: warning: conflicting types for built-in function 'strstr'
configure:9924: $? = 0
configure:9942: result: yes
configure:9862: checking for timerfd
configure:9918: gcc -o conftest -Wno-long-long -Wno-pointer-sign -Wdeclaration-after-statement -fno-stack-protector   conftest.c -lrt  >&5
/tmp/ccC7U0RL.o: In function `main':
conftest.c:(.text+0x12): undefined reference to `timerfd'
collect2: ld returned 1 exit status
configure:9924: $? = 1
configure: failed program was:
| /* confdefs.h.  */
| #define PACKAGE_NAME "Valgrind"
| #define PACKAGE_TARNAME "valgrind"
| #define PACKAGE_VERSION "3.5.0.SVN"
| #define PACKAGE_STRING "Valgrind 3.5.0.SVN"
| #define PACKAGE_BUGREPORT "valgrind-users@lists.sourceforge.net"
| #define PACKAGE "valgrind"
| #define VERSION "3.5.0.SVN"
| #define GDB_PATH "/usr/bin/gdb"
| #define KERNEL_2_6 1
| #define GLIBC_2_3 1
| #define HAVE_CLOCK_MONOTONIC 1
| #define HAVE_PTHREAD_MUTEX_ADAPTIVE_NP 1
| #define HAVE_PTHREAD_MUTEX_ERRORCHECK_NP 1
| #define HAVE_PTHREAD_MUTEX_RECURSIVE_NP 1
| #define HAVE_PTHREAD_RECURSIVE_MUTEX_INITIALIZER_NP 1
| #define HAVE_PTHREAD_MUTEX_T__M_KIND 1
| #define HAVE_PTHREAD_CREATE_GLIBC_2_0 1
| #define HAVE_BUILTIN_EXPECT 1
| #define HAVE_TLS 1
| #define HAVE__PROC_SELF_FD 1
| #define HAVE_PROC 1
| #define HAVE__PROC_SELF_EXE 1
| #define HAVE_PROC 1
| #define HAVE__PROC_SELF_MAPS 1
| #define HAVE_PROC 1
| #define STDC_HEADERS 1
| #define HAVE_SYS_TYPES_H 1
| #define HAVE_SYS_STAT_H 1
| #define HAVE_STDLIB_H 1
| #define HAVE_STRING_H 1
| #define HAVE_MEMORY_H 1
| #define HAVE_STRINGS_H 1
| #define HAVE_INTTYPES_H 1
| #define HAVE_STDINT_H 1
| #define HAVE_UNISTD_H 1
| #define HAVE_ASM_UNISTD_H 1
| #define HAVE_ENDIAN_H 1
| #define HAVE_MQUEUE_H 1
| #define HAVE_SYS_EPOLL_H 1
| #define HAVE_SYS_KLOG_H 1
| #define HAVE_SYS_POLL_H 1
| #define HAVE_SYS_SIGNAL_H 1
| #define HAVE_SYS_SYSCALL_H 1
| #define HAVE_SYS_TIME_H 1
| #define HAVE_SYS_TYPES_H 1
| #define TIME_WITH_SYS_TIME 1
| #define HAVE_STDLIB_H 1
| #define HAVE_UNISTD_H 1
| #define HAVE_GETPAGESIZE 1
| #define HAVE_MMAP 1
| #define RETSIGTYPE void
| #define HAVE_LIBRT 1
| #define HAVE_CLOCK_GETTIME 1
| #define HAVE_EPOLL_CREATE 1
| #define HAVE_KLOGCTL 1
| #define HAVE_MALLINFO 1
| #define HAVE_MEMCHR 1
| #define HAVE_MEMSET 1
| #define HAVE_MKDIR 1
| #define HAVE_MREMAP 1
| #define HAVE_PTHREAD_BARRIER_INIT 1
| #define HAVE_PTHREAD_MUTEX_TIMEDLOCK 1
| #define HAVE_PTHREAD_RWLOCK_TIMEDRDLOCK 1
| #define HAVE_PTHREAD_RWLOCK_TIMEDWRLOCK 1
| #define HAVE_PTHREAD_SPIN_LOCK 1
| #define HAVE_SEMTIMEDOP 1
| #define HAVE_SIGWAITINFO 1
| #define HAVE_SYSCALL 1
| #define HAVE_STRCHR 1
| #define HAVE_STRDUP 1
| #define HAVE_STRPBRK 1
| #define HAVE_STRRCHR 1
| #define HAVE_STRSTR 1
| /* end confdefs.h.  */
| /* Define timerfd to an innocuous variant, in case <limits.h> declares timerfd.
|    For example, HP-UX 11i <limits.h> declares gettimeofday.  */
| #define timerfd innocuous_timerfd
| 
| /* System header to define __stub macros and hopefully few prototypes,
|     which can conflict with char timerfd (); below.
|     Prefer <limits.h> to <assert.h> if __STDC__ is defined, since
|     <limits.h> exists even on freestanding compilers.  */
| 
| #ifdef __STDC__
| # include <limits.h>
| #else
| # include <assert.h>
| #endif
| 
| #undef timerfd
| 
| /* Override any GCC internal prototype to avoid an error.
|    Use char because int might match the return type of a GCC
|    builtin and then its argument prototype would still apply.  */
| #ifdef __cplusplus
| extern "C"
| #endif
| char timerfd ();
| /* The GNU C library defines this for functions which it implements
|     to always fail with ENOSYS.  Some functions are actually named
|     something starting with __ and the normal name is an alias.  */
| #if defined __stub_timerfd || defined __stub___timerfd
| choke me
| #endif
| 
| int
| main ()
| {
| return timerfd ();
|   ;
|   return 0;
| }
configure:9942: result: no
configure:9862: checking for utimensat
configure:9918: gcc -o conftest -Wno-long-long -Wno-pointer-sign -Wdeclaration-after-statement -fno-stack-protector   conftest.c -lrt  >&5
/tmp/cc2uojcf.o: In function `main':
conftest.c:(.text+0x12): undefined reference to `utimensat'
collect2: ld returned 1 exit status
configure:9924: $? = 1
configure: failed program was:
| /* confdefs.h.  */
| #define PACKAGE_NAME "Valgrind"
| #define PACKAGE_TARNAME "valgrind"
| #define PACKAGE_VERSION "3.5.0.SVN"
| #define PACKAGE_STRING "Valgrind 3.5.0.SVN"
| #define PACKAGE_BUGREPORT "valgrind-users@lists.sourceforge.net"
| #define PACKAGE "valgrind"
| #define VERSION "3.5.0.SVN"
| #define GDB_PATH "/usr/bin/gdb"
| #define KERNEL_2_6 1
| #define GLIBC_2_3 1
| #define HAVE_CLOCK_MONOTONIC 1
| #define HAVE_PTHREAD_MUTEX_ADAPTIVE_NP 1
| #define HAVE_PTHREAD_MUTEX_ERRORCHECK_NP 1
| #define HAVE_PTHREAD_MUTEX_RECURSIVE_NP 1
| #define HAVE_PTHREAD_RECURSIVE_MUTEX_INITIALIZER_NP 1
| #define HAVE_PTHREAD_MUTEX_T__M_KIND 1
| #define HAVE_PTHREAD_CREATE_GLIBC_2_0 1
| #define HAVE_BUILTIN_EXPECT 1
| #define HAVE_TLS 1
| #define HAVE__PROC_SELF_FD 1
| #define HAVE_PROC 1
| #define HAVE__PROC_SELF_EXE 1
| #define HAVE_PROC 1
| #define HAVE__PROC_SELF_MAPS 1
| #define HAVE_PROC 1
| #define STDC_HEADERS 1
| #define HAVE_SYS_TYPES_H 1
| #define HAVE_SYS_STAT_H 1
| #define HAVE_STDLIB_H 1
| #define HAVE_STRING_H 1
| #define HAVE_MEMORY_H 1
| #define HAVE_STRINGS_H 1
| #define HAVE_INTTYPES_H 1
| #define HAVE_STDINT_H 1
| #define HAVE_UNISTD_H 1
| #define HAVE_ASM_UNISTD_H 1
| #define HAVE_ENDIAN_H 1
| #define HAVE_MQUEUE_H 1
| #define HAVE_SYS_EPOLL_H 1
| #define HAVE_SYS_KLOG_H 1
| #define HAVE_SYS_POLL_H 1
| #define HAVE_SYS_SIGNAL_H 1
| #define HAVE_SYS_SYSCALL_H 1
| #define HAVE_SYS_TIME_H 1
| #define HAVE_SYS_TYPES_H 1
| #define TIME_WITH_SYS_TIME 1
| #define HAVE_STDLIB_H 1
| #define HAVE_UNISTD_H 1
| #define HAVE_GETPAGESIZE 1
| #define HAVE_MMAP 1
| #define RETSIGTYPE void
| #define HAVE_LIBRT 1
| #define HAVE_CLOCK_GETTIME 1
| #define HAVE_EPOLL_CREATE 1
| #define HAVE_KLOGCTL 1
| #define HAVE_MALLINFO 1
| #define HAVE_MEMCHR 1
| #define HAVE_MEMSET 1
| #define HAVE_MKDIR 1
| #define HAVE_MREMAP 1
| #define HAVE_PTHREAD_BARRIER_INIT 1
| #define HAVE_PTHREAD_MUTEX_TIMEDLOCK 1
| #define HAVE_PTHREAD_RWLOCK_TIMEDRDLOCK 1
| #define HAVE_PTHREAD_RWLOCK_TIMEDWRLOCK 1
| #define HAVE_PTHREAD_SPIN_LOCK 1
| #define HAVE_SEMTIMEDOP 1
| #define HAVE_SIGWAITINFO 1
| #define HAVE_SYSCALL 1
| #define HAVE_STRCHR 1
| #define HAVE_STRDUP 1
| #define HAVE_STRPBRK 1
| #define HAVE_STRRCHR 1
| #define HAVE_STRSTR 1
| /* end confdefs.h.  */
| /* Define utimensat to an innocuous variant, in case <limits.h> declares utimensat.
|    For example, HP-UX 11i <limits.h> declares gettimeofday.  */
| #define utimensat innocuous_utimensat
| 
| /* System header to define __stub macros and hopefully few prototypes,
|     which can conflict with char utimensat (); below.
|     Prefer <limits.h> to <assert.h> if __STDC__ is defined, since
|     <limits.h> exists even on freestanding compilers.  */
| 
| #ifdef __STDC__
| # include <limits.h>
| #else
| # include <assert.h>
| #endif
| 
| #undef utimensat
| 
| /* Override any GCC internal prototype to avoid an error.
|    Use char because int might match the return type of a GCC
|    builtin and then its argument prototype would still apply.  */
| #ifdef __cplusplus
| extern "C"
| #endif
| char utimensat ();
| /* The GNU C library defines this for functions which it implements
|     to always fail with ENOSYS.  Some functions are actually named
|     something starting with __ and the normal name is an alias.  */
| #if defined __stub_utimensat || defined __stub___utimensat
| choke me
| #endif
| 
| int
| main ()
| {
| return utimensat ();
|   ;
|   return 0;
| }
configure:9942: result: no
configure:10038: checking primary target for usable MPI2-compliant C compiler and mpi.h
configure:10072: mpicc -o conftest -m32   conftest.c  >&5
configure:10078: $? = 0
configure:10086: result: yes, mpicc
configure:10120: checking secondary target for usable MPI2-compliant C compiler and mpi.h
configure:10158: mpicc this will surely fail -o conftest    conftest.c  >&5
cc: this: No such file or directory
cc: will: No such file or directory
cc: surely: No such file or directory
cc: fail: No such file or directory
configure:10164: $? = 1
configure: failed program was:
| /* confdefs.h.  */
| #define PACKAGE_NAME "Valgrind"
| #define PACKAGE_TARNAME "valgrind"
| #define PACKAGE_VERSION "3.5.0.SVN"
| #define PACKAGE_STRING "Valgrind 3.5.0.SVN"
| #define PACKAGE_BUGREPORT "valgrind-users@lists.sourceforge.net"
| #define PACKAGE "valgrind"
| #define VERSION "3.5.0.SVN"
| #define GDB_PATH "/usr/bin/gdb"
| #define KERNEL_2_6 1
| #define GLIBC_2_3 1
| #define HAVE_CLOCK_MONOTONIC 1
| #define HAVE_PTHREAD_MUTEX_ADAPTIVE_NP 1
| #define HAVE_PTHREAD_MUTEX_ERRORCHECK_NP 1
| #define HAVE_PTHREAD_MUTEX_RECURSIVE_NP 1
| #define HAVE_PTHREAD_RECURSIVE_MUTEX_INITIALIZER_NP 1
| #define HAVE_PTHREAD_MUTEX_T__M_KIND 1
| #define HAVE_PTHREAD_CREATE_GLIBC_2_0 1
| #define HAVE_BUILTIN_EXPECT 1
| #define HAVE_TLS 1
| #define HAVE__PROC_SELF_FD 1
| #define HAVE_PROC 1
| #define HAVE__PROC_SELF_EXE 1
| #define HAVE_PROC 1
| #define HAVE__PROC_SELF_MAPS 1
| #define HAVE_PROC 1
| #define STDC_HEADERS 1
| #define HAVE_SYS_TYPES_H 1
| #define HAVE_SYS_STAT_H 1
| #define HAVE_STDLIB_H 1
| #define HAVE_STRING_H 1
| #define HAVE_MEMORY_H 1
| #define HAVE_STRINGS_H 1
| #define HAVE_INTTYPES_H 1
| #define HAVE_STDINT_H 1
| #define HAVE_UNISTD_H 1
| #define HAVE_ASM_UNISTD_H 1
| #define HAVE_ENDIAN_H 1
| #define HAVE_MQUEUE_H 1
| #define HAVE_SYS_EPOLL_H 1
| #define HAVE_SYS_KLOG_H 1
| #define HAVE_SYS_POLL_H 1
| #define HAVE_SYS_SIGNAL_H 1
| #define HAVE_SYS_SYSCALL_H 1
| #define HAVE_SYS_TIME_H 1
| #define HAVE_SYS_TYPES_H 1
| #define TIME_WITH_SYS_TIME 1
| #define HAVE_STDLIB_H 1
| #define HAVE_UNISTD_H 1
| #define HAVE_GETPAGESIZE 1
| #define HAVE_MMAP 1
| #define RETSIGTYPE void
| #define HAVE_LIBRT 1
| #define HAVE_CLOCK_GETTIME 1
| #define HAVE_EPOLL_CREATE 1
| #define HAVE_KLOGCTL 1
| #define HAVE_MALLINFO 1
| #define HAVE_MEMCHR 1
| #define HAVE_MEMSET 1
| #define HAVE_MKDIR 1
| #define HAVE_MREMAP 1
| #define HAVE_PTHREAD_BARRIER_INIT 1
| #define HAVE_PTHREAD_MUTEX_TIMEDLOCK 1
| #define HAVE_PTHREAD_RWLOCK_TIMEDRDLOCK 1
| #define HAVE_PTHREAD_RWLOCK_TIMEDWRLOCK 1
| #define HAVE_PTHREAD_SPIN_LOCK 1
| #define HAVE_SEMTIMEDOP 1
| #define HAVE_SIGWAITINFO 1
| #define HAVE_SYSCALL 1
| #define HAVE_STRCHR 1
| #define HAVE_STRDUP 1
| #define HAVE_STRPBRK 1
| #define HAVE_STRRCHR 1
| #define HAVE_STRSTR 1
| /* end confdefs.h.  */
| 
| #include <mpi.h>
| #include <stdio.h>
| 
| int
| main ()
| {
| 
|   int r = MPI_Init(NULL,NULL);
|   r |= MPI_Type_get_contents( MPI_INT, 0,0,0, NULL,NULL,NULL );
|   return r;
| 
|   ;
|   return 0;
| }
configure:10181: result: no
configure:10287: checking for pkg-config
configure:10305: found /usr/bin/pkg-config
configure:10317: result: /usr/bin/pkg-config
configure:10346: checking pkg-config is at least version 0.9.0
configure:10349: result: yes
configure:10360: $PKG_CONFIG --exists --print-errors "QtCore"
configure:10363: $? = 0
configure:10368: checking for QTCORE
configure:10376: $PKG_CONFIG --exists --print-errors "QtCore"
configure:10379: $? = 0
configure:10394: $PKG_CONFIG --exists --print-errors "QtCore"
configure:10397: $? = 0
configure:10473: result: yes
configure:10509: g++ -o conftest -DQT_SHARED -I/usr/include/qt4 -I/usr/include/qt4/QtCore   -L/build/buildd/qt4-x11-4.2.1/lib -lQtCore -lfontconfig -lz -lm -lglib-2.0 -lpthread -ldl   -m32   conftest.cpp  >&5
configure:10515: $? = 0
configure:10561: checking for Qt4 QMutex::tryLock(int)
configure:10599: g++ -c -DQT_SHARED -I/usr/include/qt4 -I/usr/include/qt4/QtCore   -m32  conftest.cpp >&5
conftest.cpp: In function 'int main()':
conftest.cpp:84: error: no matching function for call to 'QMutex::tryLock(int)'
/usr/include/qt4/QtCore/qmutex.h:50: note: candidates are: bool QMutex::tryLock()
configure:10605: $? = 1
configure: failed program was:
| /* confdefs.h.  */
| #define PACKAGE_NAME "Valgrind"
| #define PACKAGE_TARNAME "valgrind"
| #define PACKAGE_VERSION "3.5.0.SVN"
| #define PACKAGE_STRING "Valgrind 3.5.0.SVN"
| #define PACKAGE_BUGREPORT "valgrind-users@lists.sourceforge.net"
| #define PACKAGE "valgrind"
| #define VERSION "3.5.0.SVN"
| #define GDB_PATH "/usr/bin/gdb"
| #define KERNEL_2_6 1
| #define GLIBC_2_3 1
| #define HAVE_CLOCK_MONOTONIC 1
| #define HAVE_PTHREAD_MUTEX_ADAPTIVE_NP 1
| #define HAVE_PTHREAD_MUTEX_ERRORCHECK_NP 1
| #define HAVE_PTHREAD_MUTEX_RECURSIVE_NP 1
| #define HAVE_PTHREAD_RECURSIVE_MUTEX_INITIALIZER_NP 1
| #define HAVE_PTHREAD_MUTEX_T__M_KIND 1
| #define HAVE_PTHREAD_CREATE_GLIBC_2_0 1
| #define HAVE_BUILTIN_EXPECT 1
| #define HAVE_TLS 1
| #define HAVE__PROC_SELF_FD 1
| #define HAVE_PROC 1
| #define HAVE__PROC_SELF_EXE 1
| #define HAVE_PROC 1
| #define HAVE__PROC_SELF_MAPS 1
| #define HAVE_PROC 1
| #define STDC_HEADERS 1
| #define HAVE_SYS_TYPES_H 1
| #define HAVE_SYS_STAT_H 1
| #define HAVE_STDLIB_H 1
| #define HAVE_STRING_H 1
| #define HAVE_MEMORY_H 1
| #define HAVE_STRINGS_H 1
| #define HAVE_INTTYPES_H 1
| #define HAVE_STDINT_H 1
| #define HAVE_UNISTD_H 1
| #define HAVE_ASM_UNISTD_H 1
| #define HAVE_ENDIAN_H 1
| #define HAVE_MQUEUE_H 1
| #define HAVE_SYS_EPOLL_H 1
| #define HAVE_SYS_KLOG_H 1
| #define HAVE_SYS_POLL_H 1
| #define HAVE_SYS_SIGNAL_H 1
| #define HAVE_SYS_SYSCALL_H 1
| #define HAVE_SYS_TIME_H 1
| #define HAVE_SYS_TYPES_H 1
| #define TIME_WITH_SYS_TIME 1
| #define HAVE_STDLIB_H 1
| #define HAVE_UNISTD_H 1
| #define HAVE_GETPAGESIZE 1
| #define HAVE_MMAP 1
| #define RETSIGTYPE void
| #define HAVE_LIBRT 1
| #define HAVE_CLOCK_GETTIME 1
| #define HAVE_EPOLL_CREATE 1
| #define HAVE_KLOGCTL 1
| #define HAVE_MALLINFO 1
| #define HAVE_MEMCHR 1
| #define HAVE_MEMSET 1
| #define HAVE_MKDIR 1
| #define HAVE_MREMAP 1
| #define HAVE_PTHREAD_BARRIER_INIT 1
| #define HAVE_PTHREAD_MUTEX_TIMEDLOCK 1
| #define HAVE_PTHREAD_RWLOCK_TIMEDRDLOCK 1
| #define HAVE_PTHREAD_RWLOCK_TIMEDWRLOCK 1
| #define HAVE_PTHREAD_SPIN_LOCK 1
| #define HAVE_SEMTIMEDOP 1
| #define HAVE_SIGWAITINFO 1
| #define HAVE_SYSCALL 1
| #define HAVE_STRCHR 1
| #define HAVE_STRDUP 1
| #define HAVE_STRPBRK 1
| #define HAVE_STRRCHR 1
| #define HAVE_STRSTR 1
| /* end confdefs.h.  */
| 
|     #include <QtCore/QMutex>
| 
| int
| main ()
| {
| 
|     QMutex M;
|     M.tryLock(1);
|     M.unlock();
|     return 0;
| 
|   ;
|   return 0;
| }
configure:10624: result: no
configure:10643: checking for boost
configure:10673: g++ -o conftest -lboost_thread-mt -m32   conftest.cpp  >&5
conftest.cpp:2:28: error: boost/thread.hpp: No such file or directory
conftest.cpp: In function 'int main(int, char**)':
conftest.cpp:7: error: 'boost' has not been declared
conftest.cpp:7: error: expected `;' before 't'
configure:10679: $? = 1
configure: failed program was:
| 
| #include <boost/thread.hpp>
| static void thread_func(void)
| { }
| int main(int argc, char** argv)
| {
|   boost::thread t(thread_func);
|   return 0;
| }
| 
configure:10699: result: no
configure:10730: checking for OpenMP
configure:10752: gcc -o conftest -fopenmp -m32   conftest.c  >&5
cc1: error: unrecognized command line option "-fopenmp"
configure:10758: $? = 1
configure: failed program was:
| 
| #include <omp.h>
| int main(int argc, char** argv)
| {
|   omp_set_dynamic(0);
|   return 0;
| }
| 
configure:10775: result: no
configure:10797: checking if gcc supports __sync_bool_compare_and_swap
configure:10828: gcc -o conftest -m32   conftest.c  >&5
configure:10834: $? = 0
configure:10842: result: yes
configure:11222: creating ./config.status

## ---------------------- ##
## Running config.status. ##
## ---------------------- ##

This file was extended by Valgrind config.status 3.5.0.SVN, which was
generated by GNU Autoconf 2.61.  Invocation command line was

  CONFIG_FILES    = 
  CONFIG_HEADERS  = 
  CONFIG_LINKS    = 
  CONFIG_COMMANDS = 
  $ ./config.status 

on onion

config.status:819: creating Makefile
config.status:819: creating valgrind.spec
config.status:819: creating valgrind.pc
config.status:819: creating glibc-2.X.supp
config.status:819: creating docs/Makefile
config.status:819: creating docs/lib/Makefile
config.status:819: creating docs/images/Makefile
config.status:819: creating docs/internals/Makefile
config.status:819: creating docs/xml/Makefile
config.status:819: creating tests/Makefile
config.status:819: creating tests/vg_regtest
config.status:819: creating perf/Makefile
config.status:819: creating perf/vg_perf
config.status:819: creating include/Makefile
config.status:819: creating include/vki/Makefile
config.status:819: creating auxprogs/Makefile
config.status:819: creating coregrind/Makefile
config.status:819: creating memcheck/Makefile
config.status:819: creating memcheck/tests/Makefile
config.status:819: creating memcheck/tests/amd64/Makefile
config.status:819: creating memcheck/tests/x86/Makefile
config.status:819: creating memcheck/tests/linux/Makefile
config.status:819: creating memcheck/tests/darwin/Makefile
config.status:819: creating memcheck/tests/x86-linux/Makefile
config.status:819: creating memcheck/perf/Makefile
config.status:819: creating memcheck/docs/Makefile
config.status:819: creating cachegrind/Makefile
config.status:819: creating cachegrind/tests/Makefile
config.status:819: creating cachegrind/tests/x86/Makefile
config.status:819: creating cachegrind/docs/Makefile
config.status:819: creating cachegrind/cg_annotate
config.status:819: creating callgrind/Makefile
config.status:819: creating callgrind/callgrind_annotate
config.status:819: creating callgrind/callgrind_control
config.status:819: creating callgrind/tests/Makefile
config.status:819: creating callgrind/docs/Makefile
config.status:819: creating helgrind/Makefile
config.status:819: creating helgrind/tests/Makefile
config.status:819: creating helgrind/docs/Makefile
config.status:819: creating massif/Makefile
config.status:819: creating massif/tests/Makefile
config.status:819: creating massif/perf/Makefile
config.status:819: creating massif/docs/Makefile
config.status:819: creating massif/ms_print
config.status:819: creating lackey/Makefile
config.status:819: creating lackey/tests/Makefile
config.status:819: creating lackey/docs/Makefile
config.status:819: creating none/Makefile
config.status:819: creating none/tests/Makefile
config.status:819: creating none/tests/amd64/Makefile
config.status:819: creating none/tests/ppc32/Makefile
config.status:819: creating none/tests/ppc64/Makefile
config.status:819: creating none/tests/x86/Makefile
config.status:819: creating none/tests/linux/Makefile
config.status:819: creating none/tests/darwin/Makefile
config.status:819: creating none/tests/x86-linux/Makefile
config.status:819: creating none/docs/Makefile
config.status:819: creating exp-ptrcheck/Makefile
config.status:819: creating exp-ptrcheck/tests/Makefile
config.status:819: creating exp-ptrcheck/docs/Makefile
config.status:819: creating drd/Makefile
config.status:819: creating drd/docs/Makefile
config.status:819: creating drd/scripts/download-and-build-splash2
config.status:819: creating drd/tests/Makefile
config.status:819: creating fjalar/Makefile
config.status:819: creating config.h
config.status:1104: config.h is unchanged
config.status:1150: executing depfiles commands

## ---------------- ##
## Cache variables. ##
## ---------------- ##

ac_cv_build=i686-pc-linux
ac_cv_c_compiler_gnu=yes
ac_cv_cxx_compiler_gnu=yes
ac_cv_env_AR_set=
ac_cv_env_AR_value=
ac_cv_env_CCASFLAGS_set=
ac_cv_env_CCASFLAGS_value=
ac_cv_env_CCAS_set=
ac_cv_env_CCAS_value=
ac_cv_env_CCC_set=
ac_cv_env_CCC_value=
ac_cv_env_CC_set=
ac_cv_env_CC_value=
ac_cv_env_CFLAGS_set=
ac_cv_env_CFLAGS_value=
ac_cv_env_CPPFLAGS_set=
ac_cv_env_CPPFLAGS_value=
ac_cv_env_CPP_set=
ac_cv_env_CPP_value=
ac_cv_env_CXXFLAGS_set=
ac_cv_env_CXXFLAGS_value=
ac_cv_env_CXX_set=
ac_cv_env_CXX_value=
ac_cv_env_LDFLAGS_set=
ac_cv_env_LDFLAGS_value=
ac_cv_env_LIBS_set=
ac_cv_env_LIBS_value=
ac_cv_env_OBJCFLAGS_set=
ac_cv_env_OBJCFLAGS_value=
ac_cv_env_OBJC_set=
ac_cv_env_OBJC_value=
ac_cv_env_PKG_CONFIG_set=
ac_cv_env_PKG_CONFIG_value=
ac_cv_env_QTCORE_CFLAGS_set=
ac_cv_env_QTCORE_CFLAGS_value=
ac_cv_env_QTCORE_LIBS_set=
ac_cv_env_QTCORE_LIBS_value=
ac_cv_env_build_alias_set=
ac_cv_env_build_alias_value=
ac_cv_env_host_alias_set=
ac_cv_env_host_alias_value=
ac_cv_env_target_alias_set=
ac_cv_env_target_alias_value=
ac_cv_file__proc_self_exe=yes
ac_cv_file__proc_self_fd=yes
ac_cv_file__proc_self_maps=yes
ac_cv_func_clock_gettime=yes
ac_cv_func_epoll_create=yes
ac_cv_func_epoll_pwait=no
ac_cv_func_floor=no
ac_cv_func_getpagesize=yes
ac_cv_func_klogctl=yes
ac_cv_func_mallinfo=yes
ac_cv_func_memchr=yes
ac_cv_func_memcmp_working=yes
ac_cv_func_memset=yes
ac_cv_func_mkdir=yes
ac_cv_func_mmap_fixed_mapped=yes
ac_cv_func_mremap=yes
ac_cv_func_ppoll=no
ac_cv_func_pthread_barrier_init=yes
ac_cv_func_pthread_condattr_setclock=no
ac_cv_func_pthread_mutex_timedlock=yes
ac_cv_func_pthread_rwlock_timedrdlock=yes
ac_cv_func_pthread_rwlock_timedwrlock=yes
ac_cv_func_pthread_spin_lock=yes
ac_cv_func_semtimedop=yes
ac_cv_func_signalfd=no
ac_cv_func_sigwaitinfo=yes
ac_cv_func_strchr=yes
ac_cv_func_strdup=yes
ac_cv_func_strpbrk=yes
ac_cv_func_strrchr=yes
ac_cv_func_strstr=yes
ac_cv_func_syscall=yes
ac_cv_func_timerfd=no
ac_cv_func_utimensat=no
ac_cv_header_asm_unistd_h=yes
ac_cv_header_endian_h=yes
ac_cv_header_inttypes_h=yes
ac_cv_header_memory_h=yes
ac_cv_header_mqueue_h=yes
ac_cv_header_stdc=yes
ac_cv_header_stdint_h=yes
ac_cv_header_stdlib_h=yes
ac_cv_header_string_h=yes
ac_cv_header_strings_h=yes
ac_cv_header_sys_endian_h=no
ac_cv_header_sys_epoll_h=yes
ac_cv_header_sys_eventfd_h=no
ac_cv_header_sys_klog_h=yes
ac_cv_header_sys_poll_h=yes
ac_cv_header_sys_signal_h=yes
ac_cv_header_sys_signalfd_h=no
ac_cv_header_sys_stat_h=yes
ac_cv_header_sys_syscall_h=yes
ac_cv_header_sys_time_h=yes
ac_cv_header_sys_types_h=yes
ac_cv_header_time=yes
ac_cv_header_unistd_h=yes
ac_cv_host=i686-pc-linux
ac_cv_lib_rt_clock_gettime=yes
ac_cv_objc_compiler_gnu=yes
ac_cv_objext=o
ac_cv_path_AR=/usr/bin/ar
ac_cv_path_EGREP='/bin/grep -E'
ac_cv_path_GDB=/usr/bin/gdb
ac_cv_path_GREP=/bin/grep
ac_cv_path_PERL=/usr/bin/perl
ac_cv_path_ac_pt_PKG_CONFIG=/usr/bin/pkg-config
ac_cv_path_install='/usr/bin/install -c'
ac_cv_prog_AWK=gawk
ac_cv_prog_CPP='gcc -E'
ac_cv_prog_ac_ct_CC=gcc
ac_cv_prog_ac_ct_CXX=g++
ac_cv_prog_ac_ct_OBJC=gcc
ac_cv_prog_ac_ct_RANLIB=ranlib
ac_cv_prog_cc_c89=
ac_cv_prog_cc_g=yes
ac_cv_prog_cc_gcc_c_o=yes
ac_cv_prog_cxx_g=yes
ac_cv_prog_make_make_set=yes
ac_cv_prog_objc_g=yes
ac_cv_type_off_t=yes
ac_cv_type_signal=void
ac_cv_type_size_t=yes
ac_cv_type_uid_t=yes
am_cv_CC_dependencies_compiler_type=gcc3
am_cv_CXX_dependencies_compiler_type=gcc3
pkg_cv_QTCORE_CFLAGS='-DQT_SHARED -I/usr/include/qt4 -I/usr/include/qt4/QtCore  '
pkg_cv_QTCORE_LIBS='-L/build/buildd/qt4-x11-4.2.1/lib -lQtCore -lfontconfig -lz -lm -lglib-2.0 -lpthread -ldl  '
vg_cv_inner=no
vg_cv_only32bit=no
vg_cv_only64bit=no
vg_cv_tls=yes

## ----------------- ##
## Output variables. ##
## ----------------- ##

ACLOCAL='aclocal-1.9'
AMDEPBACKSLASH='\'
AMDEP_FALSE='#'
AMDEP_TRUE=''
AMTAR='tar'
AR='/usr/bin/ar'
AUTOCONF='autoconf'
AUTOHEADER='autoheader'
AUTOMAKE='automake-1.9'
AWK='gawk'
BOOST_CFLAGS=''
BOOST_LIBS=''
BUILD_MPIWRAP_PRI_FALSE='#'
BUILD_MPIWRAP_PRI_TRUE=''
BUILD_MPIWRAP_SEC_FALSE=''
BUILD_MPIWRAP_SEC_TRUE='#'
BUILD_SSE3_TESTS_FALSE='#'
BUILD_SSE3_TESTS_TRUE=''
BUILD_SSSE3_TESTS_FALSE=''
BUILD_SSSE3_TESTS_TRUE='#'
CC='gcc'
CCAS='gcc'
CCASFLAGS='-Wno-long-long'
CCDEPMODE='depmode=gcc3'
CFLAGS='-Wno-long-long -Wno-pointer-sign -Wdeclaration-after-statement -fno-stack-protector'
CPP='gcc -E'
CPPFLAGS=''
CXX='g++'
CXXDEPMODE='depmode=gcc3'
CXXFLAGS='-g -O2'
CYGPATH_W='echo'
DEFAULT_SUPP='exp-ptrcheck.supp xfree-3.supp xfree-4.supp glibc-2.X-drd.supp glibc-2.34567-NPTL-helgrind.supp glibc-2.3.supp '
DEFS='-DHAVE_CONFIG_H'
DEPDIR='.deps'
DIFF='diff -u'
DISTCHECK_CONFIGURE_FLAGS='--with-vex=$(top_srcdir)/VEX'
ECHO_C=''
ECHO_N='-n'
ECHO_T=''
EGREP='/bin/grep -E'
EXEEXT=''
FLAG_FNO_STACK_PROTECTOR='-fno-stack-protector'
FLAG_M32='-m32'
FLAG_M64='-m64'
FLAG_MAIX32=''
FLAG_MAIX64=''
FLAG_MMMX='-mmmx'
FLAG_MSSE='-msse'
FLAG_UNLIMITED_INLINE_UNIT_GROWTH='--param inline-unit-growth=900'
FLAG_WDECL_AFTER_STMT='-Wdeclaration-after-statement'
FLAG_W_EXTRA='-Wextra'
FLAG_W_NO_FORMAT_ZERO_LENGTH='-Wno-format-zero-length'
GDB='/usr/bin/gdb'
GLIBC_VERSION='2.3'
GREP='/bin/grep'
HAS_ALTIVEC_FALSE=''
HAS_ALTIVEC_TRUE='#'
HAVE_ALTIVEC_H_FALSE=''
HAVE_ALTIVEC_H_TRUE='#'
HAVE_BOOST_1_35_FALSE=''
HAVE_BOOST_1_35_TRUE='#'
HAVE_BUILTIN_ATOMIC_FALSE='#'
HAVE_BUILTIN_ATOMIC_TRUE=''
HAVE_OPENMP_FALSE=''
HAVE_OPENMP_TRUE='#'
HAVE_PTHREAD_BARRIER_FALSE='#'
HAVE_PTHREAD_BARRIER_TRUE=''
HAVE_PTHREAD_CREATE_GLIBC_2_0_FALSE='#'
HAVE_PTHREAD_CREATE_GLIBC_2_0_TRUE=''
HAVE_PTHREAD_MUTEX_TIMEDLOCK_FALSE='#'
HAVE_PTHREAD_MUTEX_TIMEDLOCK_TRUE=''
HAVE_PTHREAD_SPINLOCK_FALSE='#'
HAVE_PTHREAD_SPINLOCK_TRUE=''
HAVE_QTCORE_FALSE='#'
HAVE_QTCORE_TRUE=''
INSTALL_DATA='${INSTALL} -m 644'
INSTALL_PROGRAM='${INSTALL}'
INSTALL_SCRIPT='${INSTALL}'
INSTALL_STRIP_PROGRAM='${SHELL} $(install_sh) -c -s'
LDFLAGS=''
LIBOBJS=''
LIBS=''
LN_S='ln -s'
LTLIBOBJS=''
MAINT='#'
MAINTAINER_MODE_FALSE=''
MAINTAINER_MODE_TRUE='#'
MAKEINFO='makeinfo'
MPI_CC='mpicc'
OBJC='gcc'
OBJCFLAGS='-g -O2'
OBJEXT='o'
PACKAGE='valgrind'
PACKAGE_BUGREPORT='valgrind-users@lists.sourceforge.net'
PACKAGE_NAME='Valgrind'
PACKAGE_STRING='Valgrind 3.5.0.SVN'
PACKAGE_TARNAME='valgrind'
PACKAGE_VERSION='3.5.0.SVN'
PATH_SEPARATOR=':'
PERL='/usr/bin/perl'
PKG_CONFIG='/usr/bin/pkg-config'
PREFERRED_STACK_BOUNDARY='-mpreferred-stack-boundary=2'
QTCORE_CFLAGS='-DQT_SHARED -I/usr/include/qt4 -I/usr/include/qt4/QtCore  '
QTCORE_LIBS='-L/build/buildd/qt4-x11-4.2.1/lib -lQtCore -lfontconfig -lz -lm -lglib-2.0 -lpthread -ldl  '
RANLIB='ranlib'
SET_MAKE=''
SHELL='/bin/sh'
STRIP=''
VALT_LOAD_ADDRESS='0x38000000'
VERSION='3.5.0.SVN'
VEX_DIR='$(top_srcdir)/VEX'
VGCONF_ARCHS_INCLUDE_AMD64_FALSE=''
VGCONF_ARCHS_INCLUDE_AMD64_TRUE='#'
VGCONF_ARCHS_INCLUDE_PPC32_FALSE=''
VGCONF_ARCHS_INCLUDE_PPC32_TRUE='#'
VGCONF_ARCHS_INCLUDE_PPC64_FALSE=''
VGCONF_ARCHS_INCLUDE_PPC64_TRUE='#'
VGCONF_ARCHS_INCLUDE_X86_FALSE='#'
VGCONF_ARCHS_INCLUDE_X86_TRUE=''
VGCONF_ARCH_PRI='x86'
VGCONF_ARCH_SEC=''
VGCONF_HAVE_PLATFORM_SEC_FALSE=''
VGCONF_HAVE_PLATFORM_SEC_TRUE='#'
VGCONF_OS='linux'
VGCONF_OS_IS_AIX5_FALSE=''
VGCONF_OS_IS_AIX5_TRUE='#'
VGCONF_OS_IS_DARWIN_FALSE=''
VGCONF_OS_IS_DARWIN_TRUE='#'
VGCONF_OS_IS_LINUX_FALSE='#'
VGCONF_OS_IS_LINUX_TRUE=''
VGCONF_PLATFORMS_INCLUDE_AMD64_DARWIN_FALSE=''
VGCONF_PLATFORMS_INCLUDE_AMD64_DARWIN_TRUE='#'
VGCONF_PLATFORMS_INCLUDE_AMD64_LINUX_FALSE=''
VGCONF_PLATFORMS_INCLUDE_AMD64_LINUX_TRUE='#'
VGCONF_PLATFORMS_INCLUDE_PPC32_AIX5_FALSE=''
VGCONF_PLATFORMS_INCLUDE_PPC32_AIX5_TRUE='#'
VGCONF_PLATFORMS_INCLUDE_PPC32_LINUX_FALSE=''
VGCONF_PLATFORMS_INCLUDE_PPC32_LINUX_TRUE='#'
VGCONF_PLATFORMS_INCLUDE_PPC64_AIX5_FALSE=''
VGCONF_PLATFORMS_INCLUDE_PPC64_AIX5_TRUE='#'
VGCONF_PLATFORMS_INCLUDE_PPC64_LINUX_FALSE=''
VGCONF_PLATFORMS_INCLUDE_PPC64_LINUX_TRUE='#'
VGCONF_PLATFORMS_INCLUDE_X86_DARWIN_FALSE=''
VGCONF_PLATFORMS_INCLUDE_X86_DARWIN_TRUE='#'
VGCONF_PLATFORMS_INCLUDE_X86_LINUX_FALSE='#'
VGCONF_PLATFORMS_INCLUDE_X86_LINUX_TRUE=''
VGCONF_PLATFORM_PRI_CAPS='X86_LINUX'
VGCONF_PLATFORM_SEC_CAPS=''
ac_ct_CC='gcc'
ac_ct_CXX='g++'
ac_ct_OBJC='gcc'
am__fastdepCC_FALSE='#'
am__fastdepCC_TRUE=''
am__fastdepCXX_FALSE='#'
am__fastdepCXX_TRUE=''
am__include='include'
am__leading_dot='.'
am__quote=''
am__tar='${AMTAR} chof - "$$tardir"'
am__untar='${AMTAR} xf -'
bindir='${exec_prefix}/bin'
build='i686-pc-linux'
build_alias=''
build_cpu='i686'
build_os='linux'
build_vendor='pc'
datadir='${datarootdir}'
datarootdir='${prefix}/share'
docdir='${datarootdir}/doc/${PACKAGE_TARNAME}'
dvidir='${docdir}'
exec_prefix='${prefix}'
host='i686-pc-linux'
host_alias=''
host_cpu='i686'
host_os='linux'
host_vendor='pc'
htmldir='${docdir}'
includedir='${prefix}/include'
infodir='${datarootdir}/info'
install_sh='/afs/csail.mit.edu/u/r/rudd/research/invariants/valgrind-bak/valgrind/install-sh'
libdir='${exec_prefix}/lib'
libexecdir='${exec_prefix}/libexec'
localedir='${datarootdir}/locale'
localstatedir='${prefix}/var'
mandir='${datarootdir}/man'
mkdir_p='mkdir -p --'
oldincludedir='/usr/include'
pdfdir='${docdir}'
prefix='/afs/csail.mit.edu/u/r/rudd/research/invariants/valgrind-bak/valgrind/inst'
program_transform_name='s,x,x,'
psdir='${docdir}'
sbindir='${exec_prefix}/sbin'
sharedstatedir='${prefix}/com'
sysconfdir='${prefix}/etc'
target_alias=''

## ----------- ##
## confdefs.h. ##
## ----------- ##

#define PACKAGE_NAME "Valgrind"
#define PACKAGE_TARNAME "valgrind"
#define PACKAGE_VERSION "3.5.0.SVN"
#define PACKAGE_STRING "Valgrind 3.5.0.SVN"
#define PACKAGE_BUGREPORT "valgrind-users@lists.sourceforge.net"
#define PACKAGE "valgrind"
#define VERSION "3.5.0.SVN"
#define GDB_PATH "/usr/bin/gdb"
#define KERNEL_2_6 1
#define GLIBC_2_3 1
#define HAVE_CLOCK_MONOTONIC 1
#define HAVE_PTHREAD_MUTEX_ADAPTIVE_NP 1
#define HAVE_PTHREAD_MUTEX_ERRORCHECK_NP 1
#define HAVE_PTHREAD_MUTEX_RECURSIVE_NP 1
#define HAVE_PTHREAD_RECURSIVE_MUTEX_INITIALIZER_NP 1
#define HAVE_PTHREAD_MUTEX_T__M_KIND 1
#define HAVE_PTHREAD_CREATE_GLIBC_2_0 1
#define HAVE_BUILTIN_EXPECT 1
#define HAVE_TLS 1
#define HAVE__PROC_SELF_FD 1
#define HAVE_PROC 1
#define HAVE__PROC_SELF_EXE 1
#define HAVE_PROC 1
#define HAVE__PROC_SELF_MAPS 1
#define HAVE_PROC 1
#define STDC_HEADERS 1
#define HAVE_SYS_TYPES_H 1
#define HAVE_SYS_STAT_H 1
#define HAVE_STDLIB_H 1
#define HAVE_STRING_H 1
#define HAVE_MEMORY_H 1
#define HAVE_STRINGS_H 1
#define HAVE_INTTYPES_H 1
#define HAVE_STDINT_H 1
#define HAVE_UNISTD_H 1
#define HAVE_ASM_UNISTD_H 1
#define HAVE_ENDIAN_H 1
#define HAVE_MQUEUE_H 1
#define HAVE_SYS_EPOLL_H 1
#define HAVE_SYS_KLOG_H 1
#define HAVE_SYS_POLL_H 1
#define HAVE_SYS_SIGNAL_H 1
#define HAVE_SYS_SYSCALL_H 1
#define HAVE_SYS_TIME_H 1
#define HAVE_SYS_TYPES_H 1
#define TIME_WITH_SYS_TIME 1
#define HAVE_STDLIB_H 1
#define HAVE_UNISTD_H 1
#define HAVE_GETPAGESIZE 1
#define HAVE_MMAP 1
#define RETSIGTYPE void
#define HAVE_LIBRT 1
#define HAVE_CLOCK_GETTIME 1
#define HAVE_EPOLL_CREATE 1
#define HAVE_KLOGCTL 1
#define HAVE_MALLINFO 1
#define HAVE_MEMCHR 1
#define HAVE_MEMSET 1
#define HAVE_MKDIR 1
#define HAVE_MREMAP 1
#define HAVE_PTHREAD_BARRIER_INIT 1
#define HAVE_PTHREAD_MUTEX_TIMEDLOCK 1
#define HAVE_PTHREAD_RWLOCK_TIMEDRDLOCK 1
#define HAVE_PTHREAD_RWLOCK_TIMEDWRLOCK 1
#define HAVE_PTHREAD_SPIN_LOCK 1
#define HAVE_SEMTIMEDOP 1
#define HAVE_SIGWAITINFO 1
#define HAVE_SYSCALL 1
#define HAVE_STRCHR 1
#define HAVE_STRDUP 1
#define HAVE_STRPBRK 1
#define HAVE_STRRCHR 1
#define HAVE_STRSTR 1
#define HAVE_BUILTIN_ATOMIC 1

configure: exit 0
